[runlim] version:		2.0.0rc2
[runlim] host:			c3n24
[runlim] time limit:		5000 seconds
[runlim] real time limit:	5000 seconds
[runlim] space limit:		7000 MB
[runlim] argv[0]:		./binary
[runlim] argv[1]:		-n
[runlim] argv[2]:		--profile=4
[runlim] argv[3]:		/tmp/local-unzipped-24715725-380-coreJSON:skipCollection.cnf
[runlim] start:			Fri Nov 24 14:37:53 2023
[runlim] child:			728935
[runlim] sample:		9.99 time, 10.01 real, 2734 MB, 4.62 load
[runlim] sample:		19.99 time, 20.01 real, 4474 MB, 6.61 load
[runlim] sample:		29.99 time, 30.01 real, 5144 MB, 8.20 load
[runlim] sample:		39.99 time, 40.01 real, 5362 MB, 9.32 load
[runlim] sample:		49.99 time, 50.01 real, 5362 MB, 10.12 load
[runlim] sample:		60.00 time, 60.01 real, 5362 MB, 10.79 load
[runlim] sample:		69.99 time, 70.01 real, 5310 MB, 11.44 load
[runlim] sample:		80.00 time, 80.01 real, 5310 MB, 11.67 load
[runlim] sample:		90.00 time, 90.01 real, 5587 MB, 11.72 load
[runlim] sample:		99.99 time, 100.01 real, 5665 MB, 11.85 load
[runlim] sample:		110.00 time, 110.01 real, 5599 MB, 11.87 load
[runlim] sample:		120.00 time, 120.01 real, 5332 MB, 11.89 load
[runlim] sample:		130.00 time, 130.01 real, 5332 MB, 11.75 load
[runlim] end:			Fri Nov 24 14:40:10 2023
[runlim] status:		ok
[runlim] result:		0
[runlim] children:		1
[runlim] processes:		2
[runlim] real:			136.64 seconds
[runlim] time:			136.60 seconds
[runlim] space:			5715 MB
[runlim] load:			11.90 maximum
[runlim] samples:		1366
