[runlim] version:		2.0.0rc2
[runlim] host:			c3n14
[runlim] time limit:		5000 seconds
[runlim] real time limit:	5000 seconds
[runlim] space limit:		7000 MB
[runlim] argv[0]:		./binary
[runlim] argv[1]:		-n
[runlim] argv[2]:		--profile=4
[runlim] argv[3]:		/tmp/local-unzipped-24715725-216-xor_op_n44_d3.cnf
[runlim] start:			Fri Nov 24 14:37:40 2023
[runlim] child:			789220
[runlim] sample:		10.00 time, 10.01 real, 173 MB, 2.46 load
[runlim] sample:		20.00 time, 20.01 real, 194 MB, 4.62 load
[runlim] sample:		30.00 time, 30.01 real, 164 MB, 6.37 load
[runlim] sample:		40.00 time, 40.01 real, 145 MB, 7.77 load
[runlim] sample:		50.00 time, 50.01 real, 166 MB, 8.88 load
[runlim] sample:		60.00 time, 60.01 real, 198 MB, 9.82 load
[runlim] sample:		70.00 time, 70.01 real, 199 MB, 10.62 load
[runlim] sample:		79.99 time, 80.01 real, 136 MB, 11.29 load
[runlim] sample:		89.99 time, 90.01 real, 137 MB, 11.86 load
[runlim] sample:		99.99 time, 100.01 real, 137 MB, 12.42 load
[runlim] sample:		109.99 time, 110.01 real, 138 MB, 12.82 load
[runlim] sample:		120.00 time, 120.01 real, 138 MB, 13.23 load
[runlim] sample:		129.99 time, 130.01 real, 138 MB, 13.35 load
[runlim] sample:		140.00 time, 140.01 real, 138 MB, 13.45 load
[runlim] sample:		150.00 time, 150.01 real, 138 MB, 13.69 load
[runlim] sample:		159.99 time, 160.01 real, 139 MB, 13.74 load
[runlim] sample:		169.99 time, 170.01 real, 139 MB, 13.85 load
[runlim] sample:		179.99 time, 180.01 real, 139 MB, 13.80 load
[runlim] sample:		189.99 time, 190.01 real, 140 MB, 13.67 load
[runlim] sample:		199.99 time, 200.01 real, 140 MB, 13.57 load
[runlim] sample:		209.99 time, 210.01 real, 140 MB, 13.48 load
[runlim] sample:		219.99 time, 220.01 real, 140 MB, 13.49 load
[runlim] sample:		230.00 time, 230.01 real, 140 MB, 13.41 load
[runlim] sample:		240.00 time, 240.01 real, 140 MB, 13.35 load
[runlim] sample:		249.99 time, 250.01 real, 141 MB, 13.29 load
[runlim] sample:		260.00 time, 260.01 real, 141 MB, 13.17 load
[runlim] sample:		270.00 time, 270.01 real, 141 MB, 13.07 load
[runlim] sample:		280.00 time, 280.01 real, 141 MB, 12.90 load
[runlim] sample:		290.00 time, 290.01 real, 141 MB, 12.76 load
[runlim] sample:		300.00 time, 300.01 real, 143 MB, 12.64 load
[runlim] sample:		310.00 time, 310.01 real, 141 MB, 12.55 load
[runlim] sample:		319.99 time, 320.01 real, 142 MB, 12.46 load
[runlim] sample:		329.99 time, 330.01 real, 142 MB, 12.47 load
[runlim] sample:		340.00 time, 340.01 real, 143 MB, 12.40 load
[runlim] sample:		350.00 time, 350.01 real, 143 MB, 12.41 load
[runlim] sample:		360.00 time, 360.01 real, 143 MB, 12.35 load
[runlim] sample:		370.00 time, 370.01 real, 144 MB, 12.29 load
[runlim] sample:		379.99 time, 380.01 real, 143 MB, 12.25 load
[runlim] sample:		390.00 time, 390.01 real, 143 MB, 12.21 load
[runlim] sample:		400.00 time, 400.01 real, 185 MB, 12.25 load
[runlim] sample:		409.99 time, 410.01 real, 146 MB, 12.21 load
[runlim] sample:		419.99 time, 420.01 real, 145 MB, 12.18 load
[runlim] sample:		430.00 time, 430.01 real, 144 MB, 12.15 load
[runlim] sample:		439.99 time, 440.01 real, 145 MB, 12.13 load
[runlim] sample:		449.99 time, 450.01 real, 144 MB, 12.11 load
[runlim] sample:		460.00 time, 460.01 real, 144 MB, 12.09 load
[runlim] sample:		470.00 time, 470.01 real, 144 MB, 12.16 load
[runlim] sample:		479.99 time, 480.01 real, 145 MB, 12.13 load
[runlim] sample:		489.99 time, 490.01 real, 145 MB, 12.11 load
[runlim] sample:		500.00 time, 500.01 real, 145 MB, 12.09 load
[runlim] sample:		509.99 time, 510.01 real, 146 MB, 12.08 load
[runlim] sample:		520.00 time, 520.01 real, 146 MB, 12.15 load
[runlim] sample:		530.00 time, 530.01 real, 146 MB, 12.12 load
[runlim] sample:		540.00 time, 540.01 real, 146 MB, 12.18 load
[runlim] sample:		550.00 time, 550.01 real, 146 MB, 12.15 load
[runlim] sample:		559.99 time, 560.01 real, 146 MB, 12.13 load
[runlim] sample:		569.99 time, 570.01 real, 146 MB, 12.11 load
[runlim] sample:		579.99 time, 580.01 real, 187 MB, 11.94 load
[runlim] sample:		589.99 time, 590.01 real, 147 MB, 11.71 load
[runlim] sample:		599.99 time, 600.01 real, 147 MB, 11.52 load
[runlim] sample:		610.00 time, 610.01 real, 147 MB, 11.29 load
[runlim] sample:		619.99 time, 620.01 real, 147 MB, 11.09 load
[runlim] sample:		629.99 time, 630.01 real, 147 MB, 10.77 load
[runlim] sample:		639.99 time, 640.01 real, 147 MB, 10.50 load
[runlim] sample:		650.00 time, 650.01 real, 147 MB, 10.34 load
[runlim] sample:		659.99 time, 660.01 real, 147 MB, 10.13 load
[runlim] sample:		670.00 time, 670.01 real, 148 MB, 9.96 load
[runlim] sample:		680.00 time, 680.01 real, 148 MB, 9.81 load
[runlim] sample:		689.99 time, 690.01 real, 148 MB, 9.68 load
[runlim] sample:		700.00 time, 700.01 real, 148 MB, 9.58 load
[runlim] sample:		710.00 time, 710.01 real, 148 MB, 9.49 load
[runlim] sample:		720.00 time, 720.01 real, 149 MB, 9.49 load
[runlim] sample:		729.99 time, 730.01 real, 149 MB, 9.42 load
[runlim] sample:		739.99 time, 740.01 real, 151 MB, 9.35 load
[runlim] sample:		749.99 time, 750.01 real, 152 MB, 9.30 load
[runlim] sample:		759.99 time, 760.01 real, 153 MB, 9.25 load
[runlim] sample:		770.00 time, 770.01 real, 153 MB, 9.29 load
[runlim] sample:		780.00 time, 780.01 real, 154 MB, 9.25 load
[runlim] sample:		789.99 time, 790.01 real, 154 MB, 9.21 load
[runlim] sample:		800.00 time, 800.01 real, 154 MB, 9.18 load
[runlim] sample:		809.99 time, 810.01 real, 154 MB, 9.15 load
[runlim] sample:		819.99 time, 820.01 real, 155 MB, 9.13 load
[runlim] sample:		829.99 time, 830.01 real, 155 MB, 9.11 load
[runlim] sample:		839.99 time, 840.01 real, 155 MB, 9.09 load
[runlim] sample:		849.99 time, 850.01 real, 155 MB, 9.15 load
[runlim] sample:		859.99 time, 860.01 real, 155 MB, 9.13 load
[runlim] sample:		869.99 time, 870.01 real, 155 MB, 9.11 load
[runlim] sample:		880.00 time, 880.01 real, 155 MB, 9.09 load
[runlim] sample:		889.99 time, 890.01 real, 155 MB, 9.08 load
[runlim] sample:		899.99 time, 900.01 real, 159 MB, 9.14 load
[runlim] sample:		909.99 time, 910.01 real, 159 MB, 9.12 load
[runlim] sample:		920.00 time, 920.01 real, 159 MB, 9.10 load
[runlim] sample:		930.00 time, 930.01 real, 159 MB, 9.08 load
[runlim] sample:		940.00 time, 940.01 real, 159 MB, 9.07 load
[runlim] sample:		949.99 time, 950.01 real, 159 MB, 9.06 load
[runlim] sample:		959.99 time, 960.01 real, 159 MB, 9.05 load
[runlim] sample:		969.99 time, 970.01 real, 159 MB, 9.04 load
[runlim] sample:		980.00 time, 980.01 real, 159 MB, 9.03 load
[runlim] sample:		989.99 time, 990.01 real, 159 MB, 9.03 load
[runlim] sample:		999.99 time, 1000.01 real, 159 MB, 9.02 load
[runlim] sample:		1009.99 time, 1010.01 real, 159 MB, 9.02 load
[runlim] sample:		1019.99 time, 1020.01 real, 159 MB, 9.10 load
[runlim] sample:		1030.00 time, 1030.01 real, 160 MB, 9.08 load
[runlim] sample:		1040.00 time, 1040.01 real, 160 MB, 9.07 load
[runlim] sample:		1049.99 time, 1050.01 real, 160 MB, 9.06 load
[runlim] sample:		1060.00 time, 1060.01 real, 160 MB, 9.05 load
[runlim] sample:		1069.99 time, 1070.01 real, 163 MB, 9.04 load
[runlim] sample:		1079.99 time, 1080.01 real, 165 MB, 9.03 load
[runlim] sample:		1089.99 time, 1090.01 real, 165 MB, 9.03 load
[runlim] sample:		1099.99 time, 1100.01 real, 164 MB, 9.10 load
[runlim] sample:		1109.99 time, 1110.01 real, 163 MB, 9.16 load
[runlim] sample:		1119.99 time, 1120.01 real, 163 MB, 9.14 load
[runlim] sample:		1130.00 time, 1130.01 real, 164 MB, 9.12 load
[runlim] sample:		1140.00 time, 1140.01 real, 164 MB, 8.94 load
[runlim] sample:		1150.00 time, 1150.01 real, 164 MB, 8.80 load
[runlim] sample:		1159.99 time, 1160.01 real, 163 MB, 8.68 load
[runlim] sample:		1169.99 time, 1170.01 real, 166 MB, 8.57 load
[runlim] sample:		1180.00 time, 1180.01 real, 164 MB, 8.48 load
[runlim] sample:		1190.00 time, 1190.01 real, 163 MB, 8.41 load
[runlim] sample:		1200.00 time, 1200.01 real, 164 MB, 8.35 load
[runlim] sample:		1209.99 time, 1210.01 real, 163 MB, 8.29 load
[runlim] sample:		1220.00 time, 1220.01 real, 164 MB, 8.40 load
[runlim] sample:		1229.99 time, 1230.01 real, 216 MB, 8.34 load
[runlim] sample:		1239.99 time, 1240.01 real, 165 MB, 8.29 load
[runlim] sample:		1249.99 time, 1250.01 real, 167 MB, 8.24 load
[runlim] sample:		1259.99 time, 1260.01 real, 166 MB, 8.20 load
[runlim] sample:		1269.99 time, 1270.01 real, 165 MB, 8.25 load
[runlim] sample:		1279.99 time, 1280.01 real, 166 MB, 8.21 load
[runlim] sample:		1290.00 time, 1290.01 real, 165 MB, 8.18 load
[runlim] sample:		1300.00 time, 1300.01 real, 166 MB, 8.15 load
[runlim] sample:		1310.00 time, 1310.01 real, 166 MB, 8.20 load
[runlim] sample:		1319.99 time, 1320.01 real, 166 MB, 8.17 load
[runlim] sample:		1329.99 time, 1330.01 real, 166 MB, 8.14 load
[runlim] sample:		1339.99 time, 1340.01 real, 167 MB, 8.12 load
[runlim] sample:		1350.00 time, 1350.01 real, 167 MB, 8.10 load
[runlim] sample:		1360.00 time, 1360.01 real, 168 MB, 8.09 load
[runlim] sample:		1369.99 time, 1370.01 real, 167 MB, 8.07 load
[runlim] sample:		1379.99 time, 1380.01 real, 167 MB, 8.06 load
[runlim] sample:		1390.00 time, 1390.01 real, 172 MB, 8.05 load
[runlim] sample:		1399.99 time, 1400.01 real, 172 MB, 8.04 load
[runlim] sample:		1410.00 time, 1410.01 real, 174 MB, 8.04 load
[runlim] sample:		1419.99 time, 1420.01 real, 174 MB, 8.03 load
[runlim] sample:		1430.00 time, 1430.01 real, 178 MB, 8.02 load
[runlim] sample:		1440.00 time, 1440.01 real, 177 MB, 8.02 load
[runlim] sample:		1449.99 time, 1450.01 real, 176 MB, 8.02 load
[runlim] sample:		1459.99 time, 1460.01 real, 178 MB, 8.01 load
[runlim] sample:		1470.00 time, 1470.01 real, 175 MB, 8.01 load
[runlim] sample:		1480.00 time, 1480.01 real, 177 MB, 8.01 load
[runlim] sample:		1489.99 time, 1490.01 real, 176 MB, 8.01 load
[runlim] sample:		1500.00 time, 1500.01 real, 231 MB, 8.01 load
[runlim] sample:		1509.99 time, 1510.01 real, 180 MB, 8.00 load
[runlim] sample:		1520.00 time, 1520.01 real, 181 MB, 8.00 load
[runlim] sample:		1529.99 time, 1530.01 real, 181 MB, 8.00 load
[runlim] sample:		1540.00 time, 1540.01 real, 180 MB, 8.00 load
[runlim] sample:		1549.99 time, 1550.01 real, 182 MB, 8.00 load
[runlim] sample:		1559.99 time, 1560.01 real, 183 MB, 8.00 load
[runlim] sample:		1569.99 time, 1570.01 real, 180 MB, 8.00 load
[runlim] sample:		1580.00 time, 1580.01 real, 180 MB, 8.00 load
[runlim] sample:		1589.99 time, 1590.01 real, 230 MB, 8.00 load
[runlim] sample:		1599.99 time, 1600.01 real, 182 MB, 8.07 load
[runlim] sample:		1609.99 time, 1610.01 real, 182 MB, 8.06 load
[runlim] sample:		1619.99 time, 1620.01 real, 184 MB, 8.05 load
[runlim] sample:		1630.00 time, 1630.01 real, 182 MB, 8.04 load
[runlim] sample:		1640.00 time, 1640.01 real, 182 MB, 8.04 load
[runlim] sample:		1649.99 time, 1650.01 real, 184 MB, 8.03 load
[runlim] sample:		1659.99 time, 1660.01 real, 187 MB, 8.10 load
[runlim] sample:		1670.00 time, 1670.01 real, 185 MB, 7.93 load
[runlim] sample:		1679.99 time, 1680.01 real, 185 MB, 7.79 load
[runlim] sample:		1690.00 time, 1690.01 real, 185 MB, 7.66 load
[runlim] sample:		1699.99 time, 1700.01 real, 184 MB, 7.56 load
[runlim] sample:		1709.99 time, 1710.01 real, 183 MB, 7.55 load
[runlim] sample:		1720.00 time, 1720.01 real, 183 MB, 7.54 load
[runlim] sample:		1729.99 time, 1730.01 real, 180 MB, 7.46 load
[runlim] sample:		1739.99 time, 1740.01 real, 180 MB, 7.39 load
[runlim] sample:		1749.99 time, 1750.01 real, 181 MB, 7.33 load
[runlim] sample:		1759.99 time, 1760.01 real, 181 MB, 7.28 load
[runlim] sample:		1770.00 time, 1770.01 real, 182 MB, 7.24 load
[runlim] sample:		1780.00 time, 1780.01 real, 188 MB, 7.20 load
[runlim] sample:		1790.00 time, 1790.01 real, 188 MB, 7.17 load
[runlim] sample:		1799.99 time, 1800.01 real, 188 MB, 7.14 load
[runlim] sample:		1810.00 time, 1810.01 real, 188 MB, 7.12 load
[runlim] sample:		1819.99 time, 1820.01 real, 188 MB, 7.10 load
[runlim] sample:		1829.99 time, 1830.01 real, 189 MB, 7.08 load
[runlim] sample:		1840.00 time, 1840.01 real, 189 MB, 7.07 load
[runlim] sample:		1849.99 time, 1850.01 real, 189 MB, 7.13 load
[runlim] sample:		1859.99 time, 1860.01 real, 189 MB, 7.11 load
[runlim] sample:		1869.99 time, 1870.01 real, 189 MB, 7.10 load
[runlim] sample:		1879.99 time, 1880.01 real, 200 MB, 7.08 load
[runlim] sample:		1889.99 time, 1890.01 real, 200 MB, 7.07 load
[runlim] sample:		1899.99 time, 1900.01 real, 201 MB, 7.06 load
[runlim] sample:		1909.99 time, 1910.01 real, 201 MB, 7.05 load
[runlim] sample:		1919.99 time, 1920.01 real, 201 MB, 7.04 load
[runlim] sample:		1929.99 time, 1930.01 real, 201 MB, 7.04 load
[runlim] sample:		1939.99 time, 1940.01 real, 201 MB, 7.03 load
[runlim] sample:		1949.99 time, 1950.01 real, 201 MB, 7.02 load
[runlim] sample:		1960.00 time, 1960.01 real, 201 MB, 7.02 load
[runlim] sample:		1970.00 time, 1970.01 real, 201 MB, 7.02 load
[runlim] sample:		1980.00 time, 1980.01 real, 202 MB, 7.01 load
[runlim] sample:		1989.99 time, 1990.01 real, 202 MB, 7.01 load
[runlim] sample:		2000.00 time, 2000.01 real, 202 MB, 7.01 load
[runlim] sample:		2009.99 time, 2010.01 real, 202 MB, 7.01 load
[runlim] sample:		2019.99 time, 2020.01 real, 202 MB, 7.01 load
[runlim] sample:		2029.99 time, 2030.01 real, 202 MB, 7.00 load
[runlim] sample:		2039.99 time, 2040.01 real, 202 MB, 7.00 load
[runlim] sample:		2049.99 time, 2050.01 real, 202 MB, 7.00 load
[runlim] sample:		2059.99 time, 2060.01 real, 202 MB, 7.00 load
[runlim] sample:		2070.00 time, 2070.01 real, 202 MB, 7.00 load
[runlim] sample:		2079.99 time, 2080.01 real, 202 MB, 7.00 load
[runlim] sample:		2089.99 time, 2090.01 real, 202 MB, 7.00 load
[runlim] sample:		2099.99 time, 2100.01 real, 202 MB, 7.00 load
[runlim] sample:		2109.99 time, 2110.01 real, 202 MB, 7.00 load
[runlim] sample:		2120.00 time, 2120.01 real, 202 MB, 7.00 load
[runlim] sample:		2130.00 time, 2130.01 real, 202 MB, 7.00 load
[runlim] sample:		2139.99 time, 2140.01 real, 202 MB, 7.00 load
[runlim] sample:		2149.99 time, 2150.01 real, 202 MB, 7.08 load
[runlim] sample:		2159.99 time, 2160.01 real, 202 MB, 7.07 load
[runlim] sample:		2169.99 time, 2170.01 real, 202 MB, 7.06 load
[runlim] sample:		2180.00 time, 2180.01 real, 202 MB, 7.05 load
[runlim] sample:		2189.99 time, 2190.01 real, 202 MB, 7.04 load
[runlim] sample:		2200.00 time, 2200.01 real, 203 MB, 7.11 load
[runlim] sample:		2209.99 time, 2210.01 real, 203 MB, 7.09 load
[runlim] sample:		2220.00 time, 2220.01 real, 203 MB, 7.16 load
[runlim] sample:		2229.99 time, 2230.01 real, 203 MB, 7.13 load
[runlim] sample:		2239.99 time, 2240.01 real, 203 MB, 7.11 load
[runlim] sample:		2250.00 time, 2250.01 real, 203 MB, 7.09 load
[runlim] sample:		2259.99 time, 2260.01 real, 203 MB, 7.08 load
[runlim] sample:		2270.00 time, 2270.01 real, 203 MB, 7.07 load
[runlim] sample:		2280.00 time, 2280.01 real, 203 MB, 7.13 load
[runlim] sample:		2289.99 time, 2290.01 real, 203 MB, 7.11 load
[runlim] sample:		2300.00 time, 2300.01 real, 203 MB, 7.09 load
[runlim] sample:		2309.99 time, 2310.01 real, 203 MB, 7.16 load
[runlim] sample:		2320.00 time, 2320.01 real, 203 MB, 7.13 load
[runlim] sample:		2329.99 time, 2330.01 real, 203 MB, 7.11 load
[runlim] sample:		2339.99 time, 2340.01 real, 203 MB, 7.09 load
[runlim] sample:		2349.99 time, 2350.01 real, 203 MB, 7.08 load
[runlim] sample:		2360.00 time, 2360.01 real, 203 MB, 7.14 load
[runlim] sample:		2369.99 time, 2370.01 real, 203 MB, 7.12 load
[runlim] sample:		2379.99 time, 2380.01 real, 203 MB, 7.10 load
[runlim] sample:		2390.00 time, 2390.01 real, 203 MB, 7.08 load
[runlim] sample:		2399.99 time, 2400.01 real, 203 MB, 7.07 load
[runlim] sample:		2409.99 time, 2410.01 real, 203 MB, 7.06 load
[runlim] sample:		2419.99 time, 2420.01 real, 203 MB, 7.12 load
[runlim] sample:		2430.00 time, 2430.01 real, 204 MB, 7.10 load
[runlim] sample:		2439.99 time, 2440.01 real, 204 MB, 7.09 load
[runlim] sample:		2449.99 time, 2450.01 real, 204 MB, 7.07 load
[runlim] sample:		2459.99 time, 2460.01 real, 204 MB, 7.06 load
[runlim] sample:		2470.00 time, 2470.01 real, 204 MB, 7.05 load
[runlim] sample:		2479.99 time, 2480.01 real, 204 MB, 7.04 load
[runlim] sample:		2489.99 time, 2490.01 real, 204 MB, 7.04 load
[runlim] sample:		2500.00 time, 2500.01 real, 204 MB, 7.03 load
[runlim] sample:		2510.00 time, 2510.01 real, 204 MB, 7.02 load
[runlim] sample:		2520.00 time, 2520.01 real, 204 MB, 7.02 load
[runlim] sample:		2529.99 time, 2530.01 real, 204 MB, 7.02 load
[runlim] sample:		2540.00 time, 2540.01 real, 204 MB, 7.01 load
[runlim] sample:		2550.00 time, 2550.01 real, 207 MB, 7.01 load
[runlim] sample:		2559.99 time, 2560.01 real, 207 MB, 7.01 load
[runlim] sample:		2569.99 time, 2570.01 real, 207 MB, 7.01 load
[runlim] sample:		2579.99 time, 2580.01 real, 207 MB, 7.01 load
[runlim] sample:		2589.99 time, 2590.01 real, 207 MB, 7.00 load
[runlim] sample:		2599.99 time, 2600.01 real, 207 MB, 6.93 load
[runlim] sample:		2610.00 time, 2610.01 real, 208 MB, 6.79 load
[runlim] sample:		2619.99 time, 2620.01 real, 208 MB, 6.66 load
[runlim] sample:		2629.99 time, 2630.01 real, 208 MB, 6.56 load
[runlim] sample:		2639.99 time, 2640.01 real, 208 MB, 6.47 load
[runlim] sample:		2650.00 time, 2650.01 real, 208 MB, 6.40 load
[runlim] sample:		2660.00 time, 2660.01 real, 208 MB, 6.34 load
[runlim] sample:		2669.99 time, 2670.01 real, 208 MB, 6.29 load
[runlim] sample:		2679.99 time, 2680.01 real, 208 MB, 6.24 load
[runlim] sample:		2690.00 time, 2690.01 real, 208 MB, 6.20 load
[runlim] sample:		2700.00 time, 2700.01 real, 208 MB, 6.17 load
[runlim] sample:		2710.00 time, 2710.01 real, 208 MB, 6.15 load
[runlim] sample:		2720.00 time, 2720.01 real, 208 MB, 6.12 load
[runlim] sample:		2730.00 time, 2730.01 real, 208 MB, 6.10 load
[runlim] sample:		2740.00 time, 2740.01 real, 208 MB, 6.09 load
[runlim] sample:		2750.00 time, 2750.01 real, 208 MB, 6.07 load
[runlim] sample:		2759.99 time, 2760.01 real, 208 MB, 6.06 load
[runlim] sample:		2770.00 time, 2770.01 real, 208 MB, 6.05 load
[runlim] sample:		2779.99 time, 2780.01 real, 208 MB, 6.04 load
[runlim] sample:		2790.00 time, 2790.01 real, 209 MB, 6.04 load
[runlim] sample:		2800.00 time, 2800.01 real, 209 MB, 6.03 load
[runlim] sample:		2809.99 time, 2810.01 real, 209 MB, 6.02 load
[runlim] sample:		2820.00 time, 2820.01 real, 209 MB, 6.02 load
[runlim] sample:		2829.99 time, 2830.01 real, 209 MB, 6.02 load
[runlim] sample:		2840.00 time, 2840.01 real, 209 MB, 6.01 load
[runlim] sample:		2850.00 time, 2850.01 real, 209 MB, 6.01 load
[runlim] sample:		2859.99 time, 2860.01 real, 209 MB, 6.01 load
[runlim] sample:		2870.00 time, 2870.01 real, 209 MB, 6.01 load
[runlim] sample:		2880.00 time, 2880.01 real, 209 MB, 6.01 load
[runlim] sample:		2889.99 time, 2890.01 real, 209 MB, 6.00 load
[runlim] sample:		2899.99 time, 2900.01 real, 209 MB, 6.00 load
[runlim] sample:		2909.99 time, 2910.01 real, 209 MB, 6.00 load
[runlim] sample:		2920.00 time, 2920.01 real, 209 MB, 6.00 load
[runlim] sample:		2929.99 time, 2930.01 real, 209 MB, 6.00 load
[runlim] sample:		2939.99 time, 2940.01 real, 209 MB, 6.08 load
[runlim] sample:		2949.99 time, 2950.01 real, 210 MB, 6.07 load
[runlim] sample:		2959.99 time, 2960.01 real, 210 MB, 6.06 load
[runlim] sample:		2969.99 time, 2970.01 real, 210 MB, 6.05 load
[runlim] sample:		2979.99 time, 2980.01 real, 210 MB, 6.04 load
[runlim] sample:		2990.00 time, 2990.01 real, 210 MB, 6.03 load
[runlim] sample:		3000.00 time, 3000.01 real, 210 MB, 6.03 load
[runlim] sample:		3009.99 time, 3010.01 real, 210 MB, 6.02 load
[runlim] sample:		3019.99 time, 3020.01 real, 210 MB, 6.02 load
[runlim] sample:		3030.00 time, 3030.01 real, 210 MB, 6.02 load
[runlim] sample:		3039.99 time, 3040.01 real, 210 MB, 6.01 load
[runlim] sample:		3049.99 time, 3050.01 real, 210 MB, 6.01 load
[runlim] sample:		3060.00 time, 3060.01 real, 210 MB, 6.01 load
[runlim] sample:		3070.00 time, 3070.01 real, 210 MB, 6.01 load
[runlim] sample:		3079.99 time, 3080.01 real, 210 MB, 6.00 load
[runlim] sample:		3090.00 time, 3090.01 real, 210 MB, 6.00 load
[runlim] sample:		3099.99 time, 3100.01 real, 210 MB, 6.00 load
[runlim] sample:		3109.99 time, 3110.01 real, 210 MB, 6.00 load
[runlim] sample:		3119.99 time, 3120.01 real, 210 MB, 6.00 load
[runlim] sample:		3130.00 time, 3130.01 real, 210 MB, 6.00 load
[runlim] sample:		3139.99 time, 3140.01 real, 210 MB, 6.00 load
[runlim] sample:		3149.99 time, 3150.01 real, 210 MB, 6.00 load
[runlim] sample:		3160.00 time, 3160.01 real, 210 MB, 6.00 load
[runlim] sample:		3169.99 time, 3170.01 real, 210 MB, 6.00 load
[runlim] sample:		3180.00 time, 3180.01 real, 213 MB, 6.00 load
[runlim] sample:		3190.00 time, 3190.01 real, 213 MB, 6.00 load
[runlim] sample:		3200.00 time, 3200.01 real, 213 MB, 6.00 load
[runlim] sample:		3209.99 time, 3210.01 real, 213 MB, 6.00 load
[runlim] sample:		3219.99 time, 3220.01 real, 213 MB, 6.00 load
[runlim] sample:		3230.00 time, 3230.01 real, 213 MB, 6.00 load
[runlim] sample:		3239.99 time, 3240.01 real, 213 MB, 6.00 load
[runlim] sample:		3249.99 time, 3250.01 real, 213 MB, 6.00 load
[runlim] sample:		3259.99 time, 3260.01 real, 213 MB, 6.00 load
[runlim] sample:		3269.99 time, 3270.01 real, 213 MB, 6.00 load
[runlim] sample:		3279.99 time, 3280.01 real, 213 MB, 6.00 load
[runlim] sample:		3290.00 time, 3290.01 real, 213 MB, 6.00 load
[runlim] sample:		3299.99 time, 3300.01 real, 213 MB, 6.00 load
[runlim] sample:		3309.99 time, 3310.01 real, 216 MB, 6.00 load
[runlim] sample:		3319.99 time, 3320.01 real, 216 MB, 6.00 load
[runlim] sample:		3329.99 time, 3330.01 real, 216 MB, 6.00 load
[runlim] sample:		3339.99 time, 3340.01 real, 216 MB, 6.00 load
[runlim] sample:		3349.99 time, 3350.01 real, 216 MB, 6.00 load
[runlim] sample:		3359.99 time, 3360.01 real, 216 MB, 6.00 load
[runlim] sample:		3370.00 time, 3370.01 real, 216 MB, 6.00 load
[runlim] sample:		3379.99 time, 3380.01 real, 216 MB, 6.00 load
[runlim] sample:		3389.99 time, 3390.01 real, 216 MB, 6.00 load
[runlim] sample:		3399.99 time, 3400.01 real, 216 MB, 6.00 load
[runlim] sample:		3409.99 time, 3410.01 real, 217 MB, 6.00 load
[runlim] sample:		3419.99 time, 3420.01 real, 217 MB, 6.00 load
[runlim] sample:		3429.99 time, 3430.01 real, 217 MB, 6.00 load
[runlim] sample:		3439.99 time, 3440.01 real, 217 MB, 6.00 load
[runlim] sample:		3450.00 time, 3450.01 real, 217 MB, 6.00 load
[runlim] sample:		3459.99 time, 3460.01 real, 217 MB, 6.00 load
[runlim] sample:		3469.99 time, 3470.01 real, 217 MB, 6.00 load
[runlim] sample:		3479.99 time, 3480.01 real, 217 MB, 6.00 load
[runlim] sample:		3489.99 time, 3490.01 real, 217 MB, 6.00 load
[runlim] sample:		3499.99 time, 3500.01 real, 217 MB, 6.00 load
[runlim] sample:		3509.99 time, 3510.01 real, 274 MB, 6.00 load
[runlim] sample:		3519.99 time, 3520.01 real, 217 MB, 6.00 load
[runlim] sample:		3530.00 time, 3530.01 real, 217 MB, 6.00 load
[runlim] sample:		3539.99 time, 3540.01 real, 217 MB, 6.00 load
[runlim] sample:		3549.99 time, 3550.01 real, 217 MB, 6.00 load
[runlim] sample:		3559.99 time, 3560.01 real, 217 MB, 6.00 load
[runlim] sample:		3570.00 time, 3570.01 real, 217 MB, 6.00 load
[runlim] sample:		3579.99 time, 3580.01 real, 217 MB, 6.00 load
[runlim] sample:		3589.99 time, 3590.01 real, 217 MB, 6.00 load
[runlim] sample:		3600.00 time, 3600.01 real, 217 MB, 6.00 load
[runlim] sample:		3610.00 time, 3610.01 real, 217 MB, 6.00 load
[runlim] sample:		3619.99 time, 3620.01 real, 217 MB, 6.00 load
[runlim] sample:		3629.99 time, 3630.01 real, 218 MB, 6.00 load
[runlim] sample:		3640.00 time, 3640.01 real, 218 MB, 6.00 load
[runlim] sample:		3649.99 time, 3650.01 real, 218 MB, 6.00 load
[runlim] sample:		3659.99 time, 3660.01 real, 218 MB, 6.00 load
[runlim] sample:		3670.00 time, 3670.01 real, 218 MB, 6.00 load
[runlim] sample:		3679.99 time, 3680.01 real, 218 MB, 6.00 load
[runlim] sample:		3689.99 time, 3690.01 real, 218 MB, 6.00 load
[runlim] sample:		3700.00 time, 3700.01 real, 218 MB, 6.00 load
[runlim] sample:		3709.99 time, 3710.01 real, 218 MB, 6.00 load
[runlim] sample:		3719.99 time, 3720.01 real, 218 MB, 6.00 load
[runlim] sample:		3729.99 time, 3730.01 real, 218 MB, 6.00 load
[runlim] sample:		3739.99 time, 3740.01 real, 224 MB, 6.00 load
[runlim] sample:		3749.99 time, 3750.01 real, 224 MB, 6.00 load
[runlim] sample:		3759.99 time, 3760.01 real, 224 MB, 6.00 load
[runlim] sample:		3770.00 time, 3770.01 real, 224 MB, 6.00 load
[runlim] sample:		3779.99 time, 3780.01 real, 224 MB, 6.00 load
[runlim] sample:		3789.99 time, 3790.01 real, 224 MB, 6.00 load
[runlim] sample:		3799.99 time, 3800.01 real, 224 MB, 6.00 load
[runlim] sample:		3809.99 time, 3810.01 real, 224 MB, 6.00 load
[runlim] sample:		3819.99 time, 3820.01 real, 224 MB, 6.00 load
[runlim] sample:		3829.99 time, 3830.01 real, 224 MB, 6.00 load
[runlim] sample:		3839.99 time, 3840.01 real, 224 MB, 6.00 load
[runlim] sample:		3849.99 time, 3850.01 real, 224 MB, 6.08 load
[runlim] sample:		3859.99 time, 3860.01 real, 224 MB, 6.07 load
[runlim] sample:		3869.99 time, 3870.01 real, 224 MB, 6.06 load
[runlim] sample:		3879.99 time, 3880.01 real, 224 MB, 6.05 load
[runlim] sample:		3889.99 time, 3890.01 real, 225 MB, 6.04 load
[runlim] sample:		3899.99 time, 3900.01 real, 225 MB, 6.03 load
[runlim] sample:		3909.99 time, 3910.01 real, 225 MB, 6.03 load
[runlim] sample:		3919.99 time, 3920.01 real, 225 MB, 6.02 load
[runlim] sample:		3929.99 time, 3930.01 real, 225 MB, 6.02 load
[runlim] sample:		3939.99 time, 3940.01 real, 225 MB, 6.02 load
[runlim] sample:		3949.99 time, 3950.01 real, 225 MB, 6.01 load
[runlim] sample:		3959.99 time, 3960.01 real, 225 MB, 6.01 load
[runlim] sample:		3969.99 time, 3970.01 real, 225 MB, 6.01 load
[runlim] sample:		3979.99 time, 3980.01 real, 225 MB, 6.01 load
[runlim] sample:		3989.99 time, 3990.01 real, 225 MB, 6.00 load
[runlim] sample:		3999.99 time, 4000.01 real, 225 MB, 6.00 load
[runlim] sample:		4009.99 time, 4010.01 real, 225 MB, 6.00 load
[runlim] sample:		4019.99 time, 4020.01 real, 225 MB, 6.00 load
[runlim] sample:		4029.99 time, 4030.01 real, 225 MB, 6.00 load
[runlim] sample:		4039.99 time, 4040.01 real, 226 MB, 6.00 load
[runlim] sample:		4049.99 time, 4050.01 real, 226 MB, 6.00 load
[runlim] sample:		4059.99 time, 4060.01 real, 226 MB, 6.00 load
[runlim] sample:		4069.99 time, 4070.01 real, 226 MB, 6.00 load
[runlim] sample:		4079.99 time, 4080.01 real, 226 MB, 6.00 load
[runlim] sample:		4089.99 time, 4090.01 real, 226 MB, 6.00 load
[runlim] sample:		4099.99 time, 4100.01 real, 226 MB, 6.08 load
[runlim] sample:		4109.99 time, 4110.01 real, 226 MB, 6.07 load
[runlim] sample:		4119.99 time, 4120.01 real, 226 MB, 6.06 load
[runlim] sample:		4129.99 time, 4130.01 real, 226 MB, 6.05 load
[runlim] sample:		4139.99 time, 4140.01 real, 226 MB, 6.04 load
[runlim] sample:		4149.99 time, 4150.01 real, 226 MB, 6.03 load
[runlim] sample:		4159.99 time, 4160.01 real, 226 MB, 6.03 load
[runlim] sample:		4169.99 time, 4170.01 real, 226 MB, 6.02 load
[runlim] sample:		4179.99 time, 4180.01 real, 226 MB, 6.02 load
[runlim] sample:		4189.99 time, 4190.01 real, 227 MB, 6.02 load
[runlim] sample:		4199.99 time, 4200.01 real, 227 MB, 6.01 load
[runlim] sample:		4209.99 time, 4210.01 real, 227 MB, 6.01 load
[runlim] sample:		4219.99 time, 4220.01 real, 227 MB, 6.01 load
[runlim] sample:		4229.98 time, 4230.01 real, 227 MB, 6.01 load
[runlim] sample:		4239.99 time, 4240.01 real, 227 MB, 6.00 load
[runlim] sample:		4249.99 time, 4250.01 real, 227 MB, 6.00 load
[runlim] sample:		4259.99 time, 4260.01 real, 227 MB, 6.00 load
[runlim] sample:		4269.99 time, 4270.01 real, 227 MB, 6.00 load
[runlim] sample:		4279.99 time, 4280.01 real, 227 MB, 6.00 load
[runlim] sample:		4289.99 time, 4290.01 real, 227 MB, 6.00 load
[runlim] sample:		4299.98 time, 4300.01 real, 227 MB, 6.00 load
[runlim] sample:		4309.99 time, 4310.01 real, 227 MB, 6.00 load
[runlim] sample:		4319.98 time, 4320.01 real, 227 MB, 6.00 load
[runlim] sample:		4329.98 time, 4330.01 real, 227 MB, 6.00 load
[runlim] sample:		4339.99 time, 4340.01 real, 227 MB, 6.00 load
[runlim] sample:		4349.99 time, 4350.01 real, 289 MB, 6.08 load
[runlim] sample:		4359.99 time, 4360.01 real, 229 MB, 6.07 load
[runlim] sample:		4369.99 time, 4370.01 real, 229 MB, 6.06 load
[runlim] sample:		4379.99 time, 4380.01 real, 229 MB, 6.05 load
[runlim] sample:		4389.99 time, 4390.01 real, 229 MB, 6.04 load
[runlim] sample:		4399.98 time, 4400.01 real, 229 MB, 6.03 load
[runlim] sample:		4409.99 time, 4410.01 real, 229 MB, 6.03 load
[runlim] sample:		4419.99 time, 4420.01 real, 229 MB, 6.02 load
[runlim] sample:		4429.99 time, 4430.01 real, 229 MB, 6.02 load
[runlim] sample:		4439.98 time, 4440.01 real, 229 MB, 6.02 load
[runlim] sample:		4449.99 time, 4450.01 real, 229 MB, 6.01 load
[runlim] sample:		4459.99 time, 4460.01 real, 229 MB, 6.01 load
[runlim] sample:		4469.99 time, 4470.01 real, 229 MB, 6.01 load
[runlim] sample:		4479.99 time, 4480.01 real, 229 MB, 6.08 load
[runlim] sample:		4489.99 time, 4490.01 real, 229 MB, 6.07 load
[runlim] sample:		4499.98 time, 4500.01 real, 229 MB, 6.06 load
[runlim] sample:		4509.99 time, 4510.01 real, 229 MB, 6.05 load
[runlim] sample:		4519.99 time, 4520.01 real, 229 MB, 6.04 load
[runlim] sample:		4529.98 time, 4530.01 real, 229 MB, 6.03 load
[runlim] sample:		4539.99 time, 4540.01 real, 229 MB, 6.03 load
[runlim] sample:		4549.98 time, 4550.01 real, 229 MB, 6.02 load
[runlim] sample:		4559.99 time, 4560.01 real, 229 MB, 6.02 load
[runlim] sample:		4569.99 time, 4570.01 real, 229 MB, 6.02 load
[runlim] sample:		4579.99 time, 4580.01 real, 229 MB, 6.01 load
[runlim] sample:		4589.99 time, 4590.01 real, 229 MB, 6.01 load
[runlim] sample:		4599.99 time, 4600.01 real, 229 MB, 6.01 load
[runlim] sample:		4609.99 time, 4610.01 real, 229 MB, 6.01 load
[runlim] sample:		4619.99 time, 4620.01 real, 229 MB, 6.00 load
[runlim] sample:		4629.99 time, 4630.01 real, 229 MB, 6.00 load
[runlim] sample:		4639.99 time, 4640.01 real, 230 MB, 6.00 load
[runlim] sample:		4649.98 time, 4650.01 real, 230 MB, 6.00 load
[runlim] sample:		4659.99 time, 4660.01 real, 230 MB, 6.00 load
[runlim] sample:		4669.99 time, 4670.01 real, 230 MB, 6.00 load
[runlim] sample:		4679.98 time, 4680.01 real, 231 MB, 6.00 load
[runlim] sample:		4689.99 time, 4690.01 real, 231 MB, 6.00 load
[runlim] sample:		4699.99 time, 4700.01 real, 231 MB, 6.00 load
[runlim] sample:		4709.98 time, 4710.01 real, 231 MB, 6.00 load
[runlim] sample:		4719.98 time, 4720.01 real, 231 MB, 6.00 load
[runlim] sample:		4729.99 time, 4730.01 real, 231 MB, 6.00 load
[runlim] sample:		4739.98 time, 4740.01 real, 231 MB, 6.07 load
[runlim] sample:		4749.99 time, 4750.01 real, 231 MB, 6.06 load
[runlim] sample:		4759.99 time, 4760.01 real, 231 MB, 6.05 load
[runlim] sample:		4769.99 time, 4770.01 real, 231 MB, 6.04 load
[runlim] sample:		4779.99 time, 4780.01 real, 231 MB, 6.04 load
[runlim] sample:		4789.98 time, 4790.01 real, 231 MB, 6.03 load
[runlim] sample:		4799.99 time, 4800.01 real, 231 MB, 6.02 load
[runlim] sample:		4809.99 time, 4810.01 real, 231 MB, 6.02 load
[runlim] sample:		4819.99 time, 4820.01 real, 231 MB, 6.02 load
[runlim] sample:		4829.98 time, 4830.01 real, 231 MB, 6.01 load
[runlim] sample:		4839.99 time, 4840.01 real, 231 MB, 6.01 load
[runlim] sample:		4849.99 time, 4850.01 real, 231 MB, 6.01 load
[runlim] sample:		4859.98 time, 4860.01 real, 231 MB, 6.01 load
[runlim] sample:		4869.99 time, 4870.01 real, 231 MB, 6.01 load
[runlim] sample:		4879.98 time, 4880.01 real, 231 MB, 6.00 load
[runlim] sample:		4889.99 time, 4890.01 real, 231 MB, 6.00 load
[runlim] sample:		4899.99 time, 4900.01 real, 231 MB, 6.00 load
[runlim] sample:		4909.98 time, 4910.01 real, 231 MB, 6.00 load
[runlim] sample:		4919.98 time, 4920.01 real, 231 MB, 6.00 load
[runlim] sample:		4929.98 time, 4930.01 real, 231 MB, 6.00 load
[runlim] sample:		4939.99 time, 4940.01 real, 231 MB, 6.00 load
[runlim] sample:		4949.99 time, 4950.01 real, 231 MB, 6.00 load
[runlim] sample:		4959.99 time, 4960.01 real, 231 MB, 6.00 load
[runlim] sample:		4969.99 time, 4970.01 real, 231 MB, 6.00 load
[runlim] sample:		4979.98 time, 4980.01 real, 232 MB, 6.00 load
[runlim] sample:		4989.99 time, 4990.01 real, 232 MB, 6.00 load
[runlim] sample:		4999.99 time, 5000.01 real, 232 MB, 6.00 load
[runlim] end:			Fri Nov 24 16:01:01 2023
[runlim] status:		out of time
[runlim] result:		2
[runlim] children:		1
[runlim] processes:		2
[runlim] real:			5001.04 seconds
[runlim] time:			4999.99 seconds
[runlim] space:			293 MB
[runlim] load:			13.86 maximum
[runlim] samples:		50000
