c array.sh: path:     /data/cnf/sc2022/main/xor_op_n44_d3.cnf.xz
c array.sh: name:     xor_op_n44_d3
c array.sh: task:     216
c array.sh: host:     c3n14
c array.sh: uname:    Linux c3n14 5.4.0-166-generic #183-Ubuntu SMP Mon Oct 2 11:28:33 UTC 2023 x86_64 x86_64 x86_64 GNU/Linux
c array.sh: start:    Fri 24 Nov 2023 02:37:40 PM CET
c array.sh: noturbo:  1
c array.sh: governor: 32 performance
c array.sh: tmp:      3%
c array.sh: unzipped: /tmp/local-unzipped-24715725-216-xor_op_n44_d3.cnf
c --- [ banner ] -------------------------------------------------------------
c 
c CaDiCaL SAT Solver
c Copyright (c) 2016-2023 A. Biere, M. Fleury, N. Froleyks, K. Fazekas, F. Pollitt
c 
c Version 1.9.0+vivify+0j 3637700f13e5f86519137ce8e91672ec524e8d4d
c g++ (Ubuntu 9.4.0-1ubuntu1~20.04.2) 9.4.0 -Wall -Wextra -O3 -DNDEBUG
c Fri 24 Nov 2023 02:37:08 PM CET Linux cluster3 5.4.0-166-generic x86_64
c 
c --- [ parsing input ] ------------------------------------------------------
c 
c reading DIMACS file from '/tmp/local-unzipped-24715725-216-xor_op_n44_d3.cnf'
c opening file to read '/tmp/local-unzipped-24715725-216-xor_op_n44_d3.cnf'
c found 'p cnf 3784 639848' header
c parsed 639848 clauses in 0.42 seconds process time
c 
c --- [ options ] ------------------------------------------------------------
c 
c   --profile=4                    (different from default '2')
c 
c --- [ solving ] ------------------------------------------------------------
c 
c time measured in process time since initialization
c 
c  seconds  reductions  redundant  irredundant
c         MB    restarts       trail      variables
c          level   conflicts       glue        remaining
c 
c *  0.42 78  0 0   0    0    0  0% 0 639848 3784 100%
c {  0.50 103  0 0   0    0    0  0% 0 639848 3784 100%
c -  0.62 99 1856 1   4  300  218 58% 7 639848 3784 100%
c }  1.82 104 1025 1  32 1000  770 36% 6 639848 3784 100%
c [  1.82 104  0 1  32 1000  770  0% 0 639848 3784 100%
c O  1.85 104 788 1  32 1003  772 22% 7 639848 3784 100%
c -  2.11 133 2443 2  32 1384 1026 71% 8 639848 3784 100%
c ]  2.25 133 1088 2  33 3001 2478 31% 9 639848 3784 100%
c {  2.25 133 1025 2  33 3001 2478 36% 6 639848 3784 100%
c F  2.25 133 1023 2  33 3004 2480 36% 6 639848 3784 100%
c -  2.37 134 1019 3  33 3009 2168 36% 6 639848 3784 100%
c -  3.01 133 502 4 199 5176 2742 18% 6 639848 3784 100%
c #  3.20 133 449 4 260 6006 3387 17% 6 639848 3784 100%
c }  3.39 133 407 4 344 7002 4142 15% 6 639848 3784 100%
c [  3.39 133 1088 4 344 7002 4142 31% 9 639848 3784 100%
c -  3.57 134 826 5 345 7886 3677 24% 9 639848 3784 100%
c I  3.72 134 548 5 346 10007 5403 17% 9 639848 3784 100%
c -  3.92 134 498 6 347 11137 4822 16% 9 639848 3784 100%
c ^  4.54 143 366 6 349 14804 7699 12% 10 639848 3784 100%
c -  4.67 143 363 7 349 14930 5379 12% 10 639848 3784 100%
c 
c  seconds    reductions   redundant   irredundant
c          MB     restarts        trail       variables
c            level    conflicts       glue         remaining
c 
c ]  4.68 143 361 7 349 15003 5433 12% 10 639848 3784 100%
c {  4.68 143 407 7 349 15003 5433 15% 6 639848 3784 100%
c B  4.81 143 407 7 349 15008 5437 15% 6 639848 3784 100%
c -  5.59 143 316 8 637 19264 6122 12% 6 639848 3784 100%
c u  5.70 143 316 8 637 19264 6106 12% 6 639848 3784 100%
c v  5.83 143 316 8 637 19264 6069 12% 6 639848 3784 100%
c W  6.99 143 302 8 771 21009 7462 12% 6 639848 3784 100%
c -  7.64 143 282 9 1023 24141 7800 11% 7 639848 3784 100%
c F  8.21 143 260 9 1350 28011 10834 10% 7 639848 3784 100%
c -  8.66 143 255 10 1520 29560 9064 10% 7 639848 3784 100%
c }  9.03 143 251 10 1620 31005 10228 10% 7 639848 3784 100%
c [  9.03 143 361 10 1620 31005 10228 12% 10 639848 3784 100%
c -  9.49 143 325 11 1623 35521 10163 11% 10 639848 3784 100%
c B  9.53 143 322 11 1623 36013 10567 11% 10 639848 3784 100%
c - 10.06 144 277 12 1627 42023 10678  9% 11 639848 3784 100%
c u 10.21 144 277 12 1627 42023 10641  9% 11 639848 3784 100%
c v 10.36 144 277 12 1627 42023 10614  9% 11 639848 3784 100%
c ^ 11.65 144 261 12 1627 44411 12483  9% 11 639848 3784 100%
c W 11.81 144 258 12 1627 45015 12991  9% 11 639848 3784 100%
c - 12.27 144 255 13 1628 49066 11241  9% 12 639848 3784 100%
c 
c  seconds    reductions      redundant   irredundant
c          MB      restarts          trail       variables
c            level      conflicts        glue         remaining
c 
c O 12.81 144 237 13 1629 55018 15770  8% 13 639848 3784 100%
c - 13.17 144 241 14 1631 56652 11537  9% 13 639848 3784 100%
c ] 13.61 144 238 14 1635 63006 16440  9% 13 639848 3784 100%
c { 13.61 144 251 14 1635 63006 16440 10% 7 639848 3784 100%
c - 14.02 134 247 15 1806 64780 12299 10% 7 639848 3784 100%
c B 14.22 134 244 15 1908 66019 13279  9% 7 639848 3784 100%
c - 15.49 164 233 16 2532 73450 13886  9% 7 639848 3784 100%
c u 15.66 164 233 16 2532 73450 13857  9% 7 639848 3784 100%
c v 15.82 164 233 16 2532 73450 13813  9% 7 639848 3784 100%
c W 17.60 164 230 16 2907 78021 17417  9% 7 639848 3784 100%
c - 18.51 194 226 17 3310 82661 16225  9% 7 639848 3784 100%
c ^ 20.03 194 220 17 3954 88823 21043  9% 7 639848 3784 100%
c # 20.36 194 216 17 4162 91023 22752  8% 7 639848 3784 100%
c - 20.69 164 215 18 4305 92414 18071  8% 7 639848 3784 100%
c - 22.52 194 209 19 5318 102708 19746  8% 7 639848 3784 100%
c B 23.01 194 208 19 5537 105024 21548  8% 7 639848 3784 100%
c - 24.41 164 203 20 6311 113545 21092  8% 7 639848 3784 100%
c u 24.63 164 203 20 6311 113545 20933  8% 7 639848 3784 100%
c v 24.88 164 203 20 6311 113545 20765  8% 7 639848 3784 100%
c W 26.84 164 197 20 7036 120025 25905  8% 7 639848 3784 100%
c 
c  seconds    reductions       redundant  irredundant
c          MB      restarts           trail      variables
c            level      conflicts         glue        remaining
c 
c - 27.77 194 195 21 7522 124924 22293  8% 7 639848 3784 100%
c } 28.12 194 195 21 7723 127009 23966  8% 7 639848 3784 100%
c [ 28.12 194 238 21 7723 127009 23966  9% 13 639848 3784 100%
c B 28.83 194 226 21 7728 136027 31507  8% 13 639848 3784 100%
c - 29.02 164 225 22 7729 136845 23481  8% 13 639848 3784 100%
c ^ 30.50 164 204 22 7731 148037 32312  8% 14 639848 3784 100%
c - 30.72 195 202 23 7731 149307 22398  7% 14 639848 3784 100%
c W 31.09 195 196 23 7732 153028 25021  7% 14 639848 3784 100%
c - 31.73 164 197 24 7732 162311 21606  7% 14 639848 3784 100%
c u 31.94 164 197 24 7732 162311 21547  7% 14 639848 3784 100%
c v 32.16 164 197 24 7732 162311 21498  7% 14 639848 3784 100%
c I 33.64 164 191 24 7735 171029 28628  7% 14 639848 3784 100%
c - 34.26 166 195 25 7739 175857 22417  7% 14 639848 3784 100%
c - 35.44 135 188 26 7746 189945 23836  7% 14 639848 3784 100%
c B 35.49 135 188 26 7746 190030 23917  7% 14 639848 3784 100%
c - 36.53 135 175 27 7750 204575 24563  7% 14 639848 3784 100%
c W 36.94 135 168 27 7754 210031 28391  6% 15 639848 3784 100%
c - 37.84 135 163 28 7760 219748 24853  6% 15 639848 3784 100%
c u 38.02 135 163 28 7760 219748 24840  6% 15 639848 3784 100%
c v 38.21 135 163 28 7760 219748 24764  6% 15 639848 3784 100%
c 
c  seconds    reductions       redundant   irredundant
c          MB      restarts           trail       variables
c            level      conflicts         glue         remaining
c 
c ^ 39.64 145 164 28 7761 222055 26598  6% 15 639848 3784 100%
c O 40.31 145 157 28 7762 231034 33473  6% 15 639848 3784 100%
c - 40.94 135 165 29 7763 235460 26416  6% 15 639848 3784 100%
c - 42.17 167 160 30 7764 251715 26888  6% 16 639848 3784 100%
c B 42.26 167 159 30 7764 253037 27951  6% 16 639848 3784 100%
c ] 42.41 167 160 30 7764 255010 29564  6% 16 639848 3784 100%
c { 42.41 167 195 30 7764 255010 29564  8% 7 639848 3784 100%
c - 44.15 135 195 31 8517 268511 27973  8% 7 639848 3784 100%
c F 45.38 135 194 31 9095 276039 34019  8% 7 639848 3784 100%
c - 46.98 166 191 32 9955 285851 32642  8% 7 639848 3784 100%
c u 47.23 166 191 32 9955 285851 32496  8% 7 639848 3784 100%
c v 47.48 166 191 32 9955 285851 32433  8% 7 639848 3784 100%
c B 50.55 166 186 32 11355 300040 43747  7% 7 639848 3784 100%
c - 51.34 198 185 33 11753 303731 35588  7% 7 639848 3784 100%
c - 55.19 198 178 34 14107 322152 38029  7% 7 639848 3784 100%
c W 55.82 198 178 34 14470 325042 40329  7% 7 639848 3784 100%
c - 58.71 198 176 35 16051 341115 39897  7% 8 639848 3784 100%
c # 60.26 198 175 35 16973 351044 47914  7% 8 639848 3784 100%
c - 61.95 199 174 36 17955 360620 41613  7% 8 639848 3784 100%
c u 62.36 199 174 36 17955 360620 41374  7% 8 639848 3784 100%
c 
c  seconds    reductions        redundant  irredundant
c          MB       restarts           trail      variables
c            level       conflicts         glue        remaining
c 
c v 62.81 199 174 36 17955 360620 41230  7% 8 639848 3784 100%
c B 66.40 199 172 36 19732 378045 55392  7% 8 639848 3784 100%
c - 66.92 199 171 37 19972 380667 42655  7% 8 639848 3784 100%
c - 70.39 199 169 38 22030 401256 44251  7% 8 639848 3784 100%
c W 71.25 199 168 38 22494 406046 48204  7% 8 639848 3784 100%
c - 73.85 136 167 39 23948 422388 45634  7% 8 639848 3784 100%
c F 75.70 136 165 39 25145 435047 55959  7% 8 639848 3784 100%
c - 77.17 136 164 40 25941 444062 47344  6% 8 639848 3784 100%
c u 77.65 136 164 40 25941 444062 47260  6% 8 639848 3784 100%
c v 78.10 136 164 40 25941 444062 47143  6% 8 639848 3784 100%
c B 82.41 136 161 40 28101 465048 64157  6% 8 639848 3784 100%
c - 82.74 136 161 41 28224 466276 48685  6% 8 639848 3784 100%
c - 86.09 137 158 42 30210 489032 50217  6% 8 639848 3784 100%
c W 87.20 137 157 42 30817 496049 55932  6% 8 639848 3784 100%
c } 89.25 137 155 42 32012 511011 68139  6% 8 639848 3784 100%
c [ 89.25 137 160 42 32012 511011 68139  6% 16 639848 3784 100%
c - 89.68 137 163 43 32012 512330 51579  6% 16 639848 3784 100%
c W 90.89 137 159 43 32012 528050 63142  6% 15 639848 3784 100%
c - 91.52 137 153 44 32012 536170 49307  6% 15 639848 3784 100%
c u 91.95 137 153 44 32012 536170 49250  6% 15 639848 3784 100%
c 
c  seconds    reductions        redundant   irredundant
c          MB       restarts           trail       variables
c            level       conflicts         glue         remaining
c 
c v 92.36 137 153 44 32012 536170 49140  6% 15 639848 3784 100%
c - 95.33 137 156 45 32026 560552 46388  6% 15 639848 3784 100%
c I 95.36 137 156 45 32026 561051 46769  6% 15 639848 3784 100%
c - 97.06 138 154 46 32035 585475 46291  6% 18 639848 3784 100%
c B 97.85 138 154 46 32041 595053 53634  6% 17 639848 3784 100%
c - 99.32 137 154 47 32043 610940 46159  6% 17 639848 3784 100%
c W 100.79 137 143 47 32049 630055 60235  5% 18 639848 3784 100%
c - 101.49 137 141 48 32053 636947 47666  5% 17 639848 3784 100%
c u 101.75 137 141 48 32053 636947 47648  5% 17 639848 3784 100%
c v 101.99 137 141 48 32053 636947 47593  5% 17 639848 3784 100%
c - 104.90 137 141 49 32064 663497 48585  5% 17 639848 3784 100%
c O 105.07 137 140 49 32065 666056 50531  5% 17 639848 3784 100%
c - 107.07 138 138 50 32074 690589 51006  5% 17 639848 3784 100%
c B 107.80 138 130 50 32074 703057 60677  5% 18 639848 3784 100%
c - 108.88 138 123 51 32075 718221 50807  5% 19 639848 3784 100%
c W 110.20 138 108 51 32076 741059 66261  4% 20 639848 3784 100%
c - 110.66 138 105 52 32076 746395 48866  4% 20 639848 3784 100%
c u 110.92 138 105 52 32076 746395 48865  4% 20 639848 3784 100%
c v 111.19 138 105 52 32076 746395 48823  4% 20 639848 3784 100%
c - 114.18 138 101 53 32076 775111 49355  4% 20 639848 3784 100%
c 
c  seconds    reductions        redundant   irredundant
c           MB      restarts           trail       variables
c            level       conflicts         glue         remaining
c 
c I 114.43 138 99 53 32076 780060 52807  4% 21 639848 3784 100%
c - 116.33 140 111 54 32076 804370 53739  4% 24 639848 3784 100%
c B 117.74 140 120 54 32086 820061 66381  4% 23 639848 3784 100%
c - 118.98 138 123 55 32091 834170 53130  5% 21 639848 3784 100%
c W 121.31 138 126 55 32105 861064 73933  5% 20 639848 3784 100%
c - 121.80 138 128 56 32106 864513 57377  5% 19 639848 3784 100%
c u 122.11 138 128 56 32106 864513 57354  5% 19 639848 3784 100%
c v 122.37 138 128 56 32106 864513 57310  5% 19 639848 3784 100%
c - 125.21 138 117 57 32113 895396 57638  4% 19 639848 3784 100%
c O 125.73 138 117 57 32117 903067 62945  4% 19 639848 3784 100%
c - 127.71 138 133 58 32128 926821 56555  5% 17 639848 3784 100%
c B 129.20 138 131 58 32137 946069 71865  5% 17 639848 3784 100%
c - 130.32 138 129 59 32138 958788 60859  5% 16 639848 3784 100%
c W 132.37 138 120 59 32139 990071 83272  5% 16 639848 3784 100%
c - 132.64 138 120 60 32139 991298 60817  5% 16 639848 3784 100%
c u 132.93 138 120 60 32139 991298 60810  5% 16 639848 3784 100%
c v 133.21 138 120 60 32139 991298 60786  5% 16 639848 3784 100%
c ] 136.25 138 124 60 32152 1023011 85251  5% 16 639848 3784 100%
c { 136.25 138 155 60 32152 1023011 85251  6% 8 639848 3784 100%
c - 136.55 138 155 61 32204 1024350 60871  6% 8 639848 3784 100%
c 
c  seconds     reductions         redundant  irredundant
c           MB       restarts            trail      variables
c             level        conflicts         glue        remaining
c 
c # 137.71 138 157 61 32653 1035072 69896  6% 8 639848 3784 100%
c - 140.61 138 159 62 33793 1057944 65610  6% 8 639848 3784 100%
c B 143.72 138 163 62 35225 1081073 84643  6% 8 639848 3784 100%
c - 145.36 138 162 63 36047 1092080 71968  6% 8 639848 3784 100%
c - 150.49 138 158 64 39050 1126756 76228  6% 8 639848 3784 100%
c u 151.06 138 158 64 39050 1126756 76097  6% 8 639848 3784 100%
c v 151.62 138 158 64 39050 1126756 75954  6% 8 639848 3784 100%
c W 152.85 138 158 64 39131 1128075 77055  6% 8 639848 3784 100%
c - 158.21 139 156 65 42028 1161975 79133  6% 9 639848 3784 100%
c F 160.10 139 155 65 43110 1176076 90712  6% 9 639848 3784 100%
c - 163.48 139 152 66 44990 1197735 81804  6% 9 639848 3784 100%
c B 167.36 139 150 66 47164 1225077 104191  6% 9 639848 3784 100%
c - 168.87 139 150 67 47970 1234037 83915  6% 9 639848 3784 100%
c - 174.37 139 144 68 51337 1270881 86047  6% 9 639848 3784 100%
c u 175.14 139 144 68 51337 1270881 85972  6% 9 639848 3784 100%
c v 175.98 139 144 68 51337 1270881 85720  6% 9 639848 3784 100%
c W 177.76 139 144 68 51726 1275079 89182  6% 9 639848 3784 100%
c - 182.59 139 140 69 54680 1308267 87025  5% 9 639848 3784 100%
c # 185.07 139 139 69 56120 1326080 101745  5% 9 639848 3784 100%
c - 188.19 140 138 70 57892 1346194 88910  5% 9 639848 3784 100%
c 
c  seconds     reductions         redundant   irredundant
c           MB       restarts             trail      variables
c             level        conflicts          glue        remaining
c 
c B 192.23 140 137 70 60000 1378082 115164  5% 9 639848 3784 100%
c - 193.53 140 136 71 60508 1384663 90182  5% 9 639848 3784 100%
c - 198.97 140 136 72 63477 1423675 92212  5% 9 639848 3784 100%
c u 199.67 140 136 72 63477 1423675 92156  5% 9 639848 3784 100%
c v 200.45 140 136 72 63477 1423675 92041  5% 9 639848 3784 100%
c W 202.63 140 136 72 64013 1431083 98078  5% 10 639848 3784 100%
c - 207.19 140 133 73 66491 1463229 93657  5% 10 639848 3784 100%
c F 210.05 140 134 73 68002 1485085 111669  5% 10 639848 3784 100%
c - 212.89 140 132 74 69422 1503323 94780  5% 10 639848 3784 100%
c B 217.33 140 128 74 71723 1540086 125232  5% 10 639848 3784 100%
c - 218.03 140 129 75 71994 1543959 96225  5% 10 639848 3784 100%
c - 223.43 140 129 76 74634 1585137 97763  5% 10 639848 3784 100%
c u 224.13 140 129 76 74634 1585137 97724  5% 10 639848 3784 100%
c v 224.85 140 129 76 74634 1585137 97663  5% 10 639848 3784 100%
c W 227.25 140 129 76 75276 1596087 106694  5% 10 639848 3784 100%
c - 231.59 140 128 77 77324 1626858 98971  5% 10 639848 3784 100%
c # 234.77 140 128 77 78922 1653088 120389  5% 10 639848 3784 100%
c - 237.12 140 127 78 80119 1669121 100232  5% 10 639848 3784 100%
c B 242.10 140 125 78 82683 1711090 134925  5% 10 639848 3784 100%
c - 242.38 141 125 79 82728 1711926 101633  5% 10 639848 3784 100%
c 
c  seconds     reductions         redundant    irredundant
c           MB       restarts             trail       variables
c             level        conflicts          glue         remaining
c 
c - 248.11 141 124 80 85476 1755272 103162  5% 10 639848 3784 100%
c u 248.82 141 124 80 85476 1755272 103128  5% 10 639848 3784 100%
c v 249.46 141 124 80 85476 1755272 103095  5% 10 639848 3784 100%
c W 252.38 141 123 80 86401 1770091 115249  5% 10 639848 3784 100%
c - 256.16 141 124 81 88051 1799163 104067  5% 10 639848 3784 100%
c F 259.63 141 124 81 89630 1830093 129708  5% 10 639848 3784 100%
c - 261.63 141 125 82 90571 1843593 105538  5% 10 639848 3784 100%
c - 267.18 141 121 83 93438 1888564 107009  5% 10 639848 3784 100%
c B 267.59 141 121 83 93528 1891095 109102  5% 10 639848 3784 100%
c - 272.91 141 123 84 96022 1934077 108191  5% 10 639848 3784 100%
c u 273.68 141 123 84 96022 1934077 108110  5% 10 639848 3784 100%
c v 274.28 141 123 84 96022 1934077 108076  5% 10 639848 3784 100%
c W 277.60 141 122 84 97094 1953098 123767  5% 10 639848 3784 100%
c - 280.90 141 120 85 98705 1980131 109875  5% 10 639848 3784 100%
c # 285.17 141 119 85 100815 2016099 139408  5% 10 639848 3784 100%
c - 286.72 141 119 86 101426 2026728 110751  5% 10 639848 3784 100%
c } 289.27 141 120 86 102603 2047012 127468  5% 10 639848 3784 100%
c [ 289.27 141 124 86 102603 2047012 127468  5% 16 639848 3784 100%
c - 291.60 142 125 87 102614 2073867 109204  5% 16 639848 3784 100%
c I 291.98 142 121 87 102618 2080101 113618  5% 16 639848 3784 100%
c 
c  seconds     reductions          redundant    irredundant
c           MB       restarts              trail       variables
c             level         conflicts          glue         remaining
c 
c - 294.92 143 106 88 102628 2121548 103542  4% 20 639848 3784 100%
c u 295.48 143 106 88 102628 2121548 103504  4% 20 639848 3784 100%
c v 295.93 143 106 88 102628 2121548 103489  4% 20 639848 3784 100%
c B 298.56 143 107 88 102638 2145104 121819  4% 20 639848 3784 100%
c - 300.90 142 117 89 102651 2169770 97617  5% 19 639848 3784 100%
c W 303.78 142 105 89 102653 2211105 128052  4% 19 639848 3784 100%
c - 304.51 141 103 90 102653 2218535 97498  4% 18 639848 3784 100%
c - 307.86 141 97 91 102654 2267840 96529  4% 18 639848 3784 100%
c O 308.51 141 95 91 102654 2278107 104315  4% 18 639848 3784 100%
c - 311.45 142 128 92 102655 2317688 98263  5% 18 639848 3784 100%
c u 311.89 142 128 92 102655 2317688 98254  5% 18 639848 3784 100%
c v 312.29 142 128 92 102655 2317688 98234  5% 18 639848 3784 100%
c B 315.22 142 123 92 102655 2346108 120054  5% 18 639848 3784 100%
c - 316.71 142 116 93 102655 2368078 98917  4% 17 639848 3784 100%
c W 320.20 142 100 93 102655 2415110 132544  4% 21 639848 3784 100%
c - 320.64 143 99 94 102655 2419009 98332  4% 22 639848 3784 100%
c - 324.20 143 89 95 102677 2470482 98644  3% 22 639848 3784 100%
c I 325.18 143 88 95 102685 2485111 109053  3% 22 639848 3784 100%
c - 328.23 142 107 96 102695 2522498 101749  4% 20 639848 3784 100%
c u 328.67 142 107 96 102695 2522498 101732  4% 20 639848 3784 100%
c 
c  seconds     reductions          redundant    irredundant
c           MB       restarts              trail       variables
c             level         conflicts          glue         remaining
c 
c v 328.99 142 107 96 102695 2522498 101710  4% 20 639848 3784 100%
c B 332.15 142 115 96 102711 2556112 127989  4% 19 639848 3784 100%
c - 333.55 142 110 97 102717 2575054 106336  4% 19 639848 3784 100%
c W 337.10 142 86 97 102721 2628114 139834  3% 22 639848 3784 100%
c - 337.27 143 86 98 102721 2628153 101858  3% 22 639848 3784 100%
c - 341.33 142 92 99 102747 2681793 103568  4% 21 639848 3784 100%
c O 342.84 142 99 99 102749 2701116 118160  4% 20 639848 3784 100%
c - 345.67 143 111 100 102764 2735976 109876  4% 19 639848 3784 100%
c u 346.10 143 111 100 102764 2735976 109857  4% 19 639848 3784 100%
c v 346.50 143 111 100 102764 2735976 109843  4% 19 639848 3784 100%
c B 349.93 143 102 100 102780 2775117 137797  4% 20 639848 3784 100%
c - 351.14 143 100 101 102781 2790700 109788  4% 21 639848 3784 100%
c - 354.59 143 84 102 102782 2845965 105629  3% 23 639848 3784 100%
c W 355.10 143 83 102 102782 2850118 108160  3% 23 639848 3784 100%
c - 358.54 143 76 103 102789 2901773 103368  3% 25 639848 3784 100%
c I 360.34 143 88 103 102800 2926119 122171  3% 23 639848 3784 100%
c - 363.23 143 103 104 102813 2958122 109778  4% 22 639848 3784 100%
c u 363.66 143 103 104 102813 2958122 109768  4% 22 639848 3784 100%
c v 364.17 143 103 104 102813 2958122 109678  4% 22 639848 3784 100%
c B 368.03 143 98 104 102828 3003122 143763  4% 21 639848 3784 100%
c 
c  seconds     reductions          redundant    irredundant
c           MB       restarts              trail       variables
c            level          conflicts          glue         remaining
c 
c - 368.94 144 94 105 102835 3015014 115618  4% 21 639848 3784 100%
c - 372.52 144 74 106 102845 3072447 112086  3% 22 639848 3784 100%
c W 373.45 144 71 106 102845 3081123 118543  3% 22 639848 3784 100%
c - 377.22 143 91 107 102866 3130423 114236  4% 19 639848 3784 100%
c O 379.24 143 94 107 102876 3160124 136255  4% 21 639848 3784 100%
c - 381.42 144 107 108 102886 3188939 116961  4% 21 639848 3784 100%
c u 381.80 144 107 108 102886 3188939 116922  4% 21 639848 3784 100%
c v 382.19 144 107 108 102886 3188939 116894  4% 21 639848 3784 100%
c B 385.64 144 85 108 102907 3240125 147974  3% 24 639848 3784 100%
c - 386.63 143 89 109 102907 3247997 111236  3% 23 639848 3784 100%
c - 390.64 145 83 110 102909 3307598 114730  3% 25 639848 3784 100%
c W 392.02 145 84 110 102909 3321127 125017  3% 25 639848 3784 100%
c - 395.60 145 82 111 102910 3367740 114781  3% 27 639848 3784 100%
c I 398.11 145 79 111 102910 3403128 138442  3% 30 639848 3784 100%
c - 400.06 146 95 112 102910 3428425 117482  4% 28 639848 3784 100%
c u 400.46 146 95 112 102910 3428425 117475  4% 28 639848 3784 100%
c B 405.31 146 86 112 102910 3486130 157898  3% 33 639848 3784 100%
c - 405.76 146 87 113 102911 3489651 115613  3% 33 639848 3784 100%
c - 409.83 146 76 114 102911 3551419 114168  3% 34 639848 3784 100%
c W 411.39 146 76 114 102911 3570131 126848  3% 34 639848 3784 100%
c 
c  seconds     reductions          redundant    irredundant
c           MB       restarts              trail       variables
c            level          conflicts          glue         remaining
c 
c - 414.06 145 70 115 102911 3613728 111509  3% 35 639848 3784 100%
c O 416.39 145 67 115 102911 3655132 136884  2% 34 639848 3784 100%
c - 418.44 145 79 116 102911 3676579 114703  3% 31 639848 3784 100%
c u 418.93 145 79 116 102911 3676579 114665  3% 31 639848 3784 100%
c v 419.40 145 79 116 102911 3676579 114533  3% 31 639848 3784 100%
c - 424.89 144 96 117 102911 3739973 118156  4% 26 639848 3784 100%
c B 424.95 144 96 117 102911 3741133 118976  4% 26 639848 3784 100%
c - 429.26 144 96 118 102935 3803908 123946  4% 23 639848 3784 100%
c W 431.21 144 93 118 102942 3828135 142231  4% 22 639848 3784 100%
c - 433.79 145 82 119 102957 3868384 125115  3% 24 639848 3784 100%
c I 437.50 145 92 119 102973 3916136 162456  4% 22 639848 3784 100%
c - 438.97 145 107 120 102974 3933403 130061  4% 21 639848 3784 100%
c u 439.55 145 107 120 102974 3933403 130037  4% 21 639848 3784 100%
c v 439.99 145 107 120 102974 3933403 129991  4% 21 639848 3784 100%
c - 445.17 146 95 121 102996 3998963 131633  4% 22 639848 3784 100%
c B 445.62 146 98 121 103000 4005138 136493  4% 22 639848 3784 100%
c - 449.46 144 90 122 103020 4065065 127404  3% 21 639848 3784 100%
c ] 451.31 144 82 122 103034 4095012 146910  3% 22 639848 3784 100%
c { 451.31 144 120 122 103034 4095012 146910  5% 10 639848 3784 100%
c B 451.33 144 120 122 103034 4095139 147021  5% 10 639848 3784 100%
c 
c  seconds      reductions          redundant    irredundant
c           MB        restarts              trail       variables
c             level          conflicts          glue         remaining
c 
c - 455.13 144 126 123 104093 4131711 132945  5% 10 639848 3784 100%
c W 461.42 144 129 123 106477 4186140 178047  5% 10 639848 3784 100%
c - 463.18 144 128 124 107204 4198898 143574  5% 10 639848 3784 100%
c u 463.83 144 128 124 107204 4198898 143557  5% 10 639848 3784 100%
c v 464.54 144 128 124 107204 4198898 143517  5% 10 639848 3784 100%
c - 474.39 145 125 125 111544 4266625 152598  5% 10 639848 3784 100%
c F 475.69 145 123 125 112107 4278141 161876  5% 10 639848 3784 100%
c - 484.03 145 118 126 116336 4334895 157680  5% 10 639848 3784 100%
c B 488.80 145 117 126 118897 4371142 187645  5% 10 639848 3784 100%
c - 493.74 145 115 127 121357 4403708 162016  4% 10 639848 3784 100%
c W 502.05 145 113 127 125082 4465144 212655  4% 10 639848 3784 100%
c - 503.52 146 112 128 125732 4473061 164670  4% 10 639848 3784 100%
c u 504.93 146 112 128 125732 4473061 164502  4% 10 639848 3784 100%
c v 505.98 146 112 128 125732 4473061 164413  4% 10 639848 3784 100%
c - 516.81 146 110 129 130526 4542957 166854  4% 11 639848 3784 100%
c # 519.06 146 110 129 131585 4560145 181094  4% 11 639848 3784 100%
c - 526.81 146 106 130 135400 4613395 169091  4% 11 639848 3784 100%
c B 532.45 146 107 130 138131 4656146 204615  4% 11 639848 3784 100%
c - 536.76 146 107 131 140013 4684373 171274  4% 11 639848 3784 100%
c W 546.18 146 106 131 144273 4753147 228139  4% 11 639848 3784 100%
c 
c  seconds      reductions          redundant    irredundant
c           MB        restarts              trail       variables
c             level          conflicts          glue         remaining
c 
c - 546.74 146 105 132 144426 4755894 172423  4% 11 639848 3784 100%
c u 548.04 146 105 132 144426 4755894 172237  4% 11 639848 3784 100%
c v 549.00 146 105 132 144426 4755894 172183  4% 11 639848 3784 100%
c - 560.18 146 104 133 149239 4827959 173940  4% 11 639848 3784 100%
c F 562.90 146 103 133 150439 4851148 192698  4% 11 639848 3784 100%
c - 569.98 146 103 134 153343 4900563 174793  4% 11 639848 3784 100%
c B 576.54 146 104 134 156273 4950149 215554  4% 11 639848 3784 100%
c - 580.10 147 103 135 157909 4973709 176556  4% 11 639848 3784 100%
c - 589.97 147 102 136 162712 5047396 177601  4% 11 639848 3784 100%
c u 591.27 147 102 136 162712 5047396 177540  4% 11 639848 3784 100%
c v 592.29 147 102 136 162712 5047396 177462  4% 11 639848 3784 100%
c W 593.97 147 103 136 162772 5050151 179776  4% 11 639848 3784 100%
c - 603.38 147 104 137 166690 5121626 178413  4% 11 639848 3784 100%
c # 606.42 147 101 137 168010 5151152 201785  4% 11 639848 3784 100%
c - 612.65 147 101 138 170367 5196397 178736  4% 11 639848 3784 100%
c B 619.98 147 102 138 173711 5253155 225559  4% 11 639848 3784 100%
c - 622.90 147 103 139 174929 5271711 180909  4% 11 639848 3784 100%
c - 633.11 147 101 140 179590 5347566 183308  4% 11 639848 3784 100%
c u 634.08 147 101 140 179590 5347566 183291  4% 11 639848 3784 100%
c v 635.16 147 101 140 179590 5347566 183241  4% 11 639848 3784 100%
c 
c  seconds      reductions          redundant    irredundant
c           MB        restarts              trail       variables
c             level          conflicts          glue         remaining
c 
c W 637.49 147 101 140 180032 5356156 190402  4% 11 639848 3784 100%
c - 646.90 147 100 141 183914 5423964 184502  4% 11 639848 3784 100%
c F 651.34 147 98 141 186045 5460157 214198  4% 11 639848 3784 100%
c - 657.07 147 97 142 188438 5500902 185359  4% 11 639848 3784 100%
c B 665.48 147 99 142 192167 5565158 238155  4% 11 639848 3784 100%
c - 667.54 148 99 143 192960 5578383 187219  4% 11 639848 3784 100%
c - 678.22 148 98 144 197746 5656406 189363  4% 11 639848 3784 100%
c u 679.70 148 98 144 197746 5656406 189273  4% 11 639848 3784 100%
c v 680.65 148 98 144 197746 5656406 189227  4% 11 639848 3784 100%
c W 683.78 148 98 144 198528 5671160 201525  4% 11 639848 3784 100%
c - 692.68 148 96 145 202544 5734970 190044  4% 11 639848 3784 100%
c # 698.04 148 96 145 204968 5778162 225773  4% 11 639848 3784 100%
c - 703.38 148 95 146 207202 5814077 191444  4% 11 639848 3784 100%
c B 713.40 148 97 146 211401 5886165 251429  4% 11 639848 3784 100%
c - 714.79 149 97 147 211925 5893725 193856  4% 11 639848 3784 100%
c - 726.04 149 96 148 216858 5973915 194702  4% 11 639848 3784 100%
c u 727.11 149 96 148 216858 5973915 194688  4% 11 639848 3784 100%
c v 728.62 149 96 148 216858 5973915 194469  4% 11 639848 3784 100%
c W 732.68 149 95 148 217920 5995166 211977  4% 11 639848 3784 100%
c - 741.09 152 96 149 221443 6054646 195351  4% 11 639848 3784 100%
c 
c  seconds     reductions          redundant    irredundant
c           MB       restarts              trail       variables
c            level          conflicts          glue         remaining
c 
c F 747.72 152 94 149 224528 6105168 237146  4% 12 639848 3784 100%
c - 752.79 153 94 150 226469 6135920 197209  4% 12 639848 3784 100%
c B 763.74 153 93 150 231355 6216170 263450  3% 12 639848 3784 100%
c - 764.17 153 93 151 231401 6217736 197571  3% 12 639848 3784 100%
c - 775.86 153 92 152 236459 6300093 199362  3% 12 639848 3784 100%
c u 777.23 153 92 152 236459 6300093 199339  3% 12 639848 3784 100%
c v 778.26 153 92 152 236459 6300093 199318  3% 12 639848 3784 100%
c W 783.33 154 93 152 237991 6328172 222841  4% 12 639848 3784 100%
c - 791.59 154 92 153 241362 6382991 200717  3% 12 639848 3784 100%
c # 799.37 154 91 153 244908 6441174 248120  3% 12 639848 3784 100%
c - 803.49 154 90 154 246673 6466433 201326  3% 12 639848 3784 100%
c - 815.40 155 91 155 251450 6550415 202363  3% 12 639848 3784 100%
c B 815.90 155 90 155 251654 6555176 206247  3% 12 639848 3784 100%
c - 827.35 155 91 156 256362 6634939 203744  3% 12 639848 3784 100%
c u 828.50 155 91 156 256362 6634939 203721  3% 12 639848 3784 100%
c v 829.94 155 91 156 256362 6634939 203586  3% 12 639848 3784 100%
c W 836.02 155 92 156 258405 6670178 232601  3% 12 639848 3784 100%
c - 843.46 155 91 157 261279 6720006 204993  3% 12 639848 3784 100%
c F 852.16 155 92 157 264595 6786180 259709  3% 12 639848 3784 100%
c - 855.50 155 93 158 265907 6805615 206188  3% 12 639848 3784 100%
c 
c  seconds     reductions          redundant    irredundant
c           MB       restarts              trail       variables
c            level          conflicts          glue         remaining
c 
c - 867.43 155 93 159 270570 6891765 208077  3% 12 639848 3784 100%
c B 868.92 155 93 159 271214 6903182 217647  4% 12 639848 3784 100%
c - 879.55 155 93 160 275355 6978457 209569  4% 12 639848 3784 100%
c u 881.12 155 93 160 275355 6978457 209514  4% 12 639848 3784 100%
c v 882.16 155 93 160 275355 6978457 209494  4% 12 639848 3784 100%
c W 889.21 155 92 160 277866 7021184 244473  3% 12 639848 3784 100%
c - 895.91 159 90 161 280485 7065690 210272  3% 12 639848 3784 100%
c # 906.34 159 91 161 285046 7140186 271836  3% 12 639848 3784 100%
c - 908.64 159 90 162 286030 7153465 211792  3% 12 639848 3784 100%
c - 921.53 159 92 163 291066 7241782 213191  3% 12 639848 3784 100%
c B 923.76 159 92 163 292047 7260187 228284  3% 12 639848 3784 100%
c - 934.12 159 91 164 296150 7330640 214811  3% 12 639848 3784 100%
c u 935.44 159 91 164 296150 7330640 214792  3% 12 639848 3784 100%
c v 936.98 159 91 164 296150 7330640 214718  3% 12 639848 3784 100%
c W 945.27 159 91 164 298937 7381190 256293  3% 12 639848 3784 100%
c - 951.09 159 90 165 301142 7420042 214682  3% 12 639848 3784 100%
c F 962.94 159 88 165 305979 7503191 282816  3% 12 639848 3784 100%
c - 964.39 159 88 166 306452 7509984 215588  3% 12 639848 3784 100%
c - 977.54 159 87 167 312033 7600468 217022  3% 12 639848 3784 100%
c B 980.85 159 88 167 313421 7626193 238081  3% 12 639848 3784 100%
c 
c  seconds     reductions          redundant    irredundant
c           MB       restarts              trail       variables
c            level          conflicts          glue         remaining
c 
c - 990.97 159 91 168 317161 7691495 218944  3% 12 639848 3784 100%
c u 992.75 159 91 168 317161 7691495 218841  3% 12 639848 3784 100%
c v 993.87 159 91 168 317161 7691495 218827  3% 12 639848 3784 100%
c W 1003.39 159 90 168 320428 7750195 266798  3% 12 639848 3784 100%
c - 1009.28 159 90 169 322683 7783063 219599  3% 12 639848 3784 100%
c - 1023.34 160 90 170 328240 7875173 221633  3% 12 639848 3784 100%
c # 1023.35 160 90 170 328240 7875196 221651  3% 12 639848 3784 100%
c - 1036.53 160 88 171 333376 7967824 222847  3% 12 639848 3784 100%
c B 1040.96 160 90 171 335010 8001198 250897  3% 12 639848 3784 100%
c - 1050.44 160 89 172 338701 8061017 224671  3% 12 639848 3784 100%
c u 1051.73 160 89 172 338701 8061017 224656  3% 12 639848 3784 100%
c v 1053.21 160 89 172 338701 8061017 224622  3% 12 639848 3784 100%
c W 1064.27 160 88 172 342632 8128199 280382  3% 12 639848 3784 100%
c - 1068.47 163 87 173 344138 8154754 225989  3% 12 639848 3784 100%
c } 1073.19 163 87 173 346211 8191012 255777  3% 12 639848 3784 100%
c [ 1073.19 163 82 173 346211 8191012 255777  3% 22 639848 3784 100%
c - 1077.69 165 85 174 346214 8249032 219174  3% 25 639848 3784 100%
c W 1078.75 165 84 174 346215 8256200 224296  3% 26 639848 3784 100%
c - 1085.34 165 93 175 346230 8343852 208273  4% 24 639848 3784 100%
c O 1088.25 165 100 175 346246 8385202 240689  4% 22 639848 3784 100%
c 
c   seconds      reductions          redundant    irredundant
c            MB        restarts              trail       variables
c              level          conflicts          glue         remaining
c 
c - 1092.17 164 106 176 346267 8439212 200397  4% 24 639848 3784 100%
c u 1093.42 164 106 176 346267 8439212 200293  4% 24 639848 3784 100%
c v 1094.17 164 106 176 346267 8439212 200265  4% 24 639848 3784 100%
c B 1099.98 164 86 176 346278 8515204 252853  3% 24 639848 3784 100%
c - 1101.95 164 102 177 346291 8535115 198765  4% 22 639848 3784 100%
c - 1108.81 163 100 178 346324 8631559 200712  4% 21 639848 3784 100%
c W 1110.41 163 93 178 346333 8646208 210303  4% 22 639848 3784 100%
c - 1115.64 163 73 179 346342 8728546 195388  3% 23 639848 3784 100%
c I 1119.23 163 67 179 346342 8778209 230720  3% 23 639848 3784 100%
c - 1122.88 164 84 180 346343 8826074 198508  3% 22 639848 3784 100%
c u 1123.55 164 84 180 346343 8826074 198488  3% 22 639848 3784 100%
c v 1124.16 164 84 180 346343 8826074 198472  3% 22 639848 3784 100%
c B 1130.68 164 70 180 346343 8911211 258558  3% 23 639848 3784 100%
c - 1131.77 164 68 181 346350 8924143 195952  3% 23 639848 3784 100%
c - 1138.42 164 72 182 346388 9022755 194796  3% 25 639848 3784 100%
c W 1140.43 164 71 182 346398 9045212 210934  3% 25 639848 3784 100%
c - 1145.41 164 68 183 346412 9121908 195088  3% 24 639848 3784 100%
c O 1149.70 164 82 183 346436 9180213 236640  3% 22 639848 3784 100%
c - 1153.21 163 91 184 346451 9221603 202425  4% 22 639848 3784 100%
c u 1154.01 163 91 184 346451 9221603 202378  4% 22 639848 3784 100%
c 
c   seconds     reductions          redundant    irredundant
c            MB       restarts              trail       variables
c             level          conflicts          glue         remaining
c 
c v 1154.68 163 91 184 346451 9221603 202343  4% 22 639848 3784 100%
c B 1161.25 163 72 184 346470 9316215 267602  3% 26 639848 3784 100%
c - 1161.82 165 71 185 346470 9321840 203061  3% 26 639848 3784 100%
c - 1168.47 166 61 186 346492 9422620 197923  2% 30 639848 3784 100%
c W 1171.28 166 58 186 346501 9453217 217047  2% 31 639848 3784 100%
c - 1177.08 164 87 187 346531 9523942 204998  3% 24 639848 3784 100%
c I 1180.90 164 73 187 346540 9591219 250580  3% 22 639848 3784 100%
c - 1183.73 163 84 188 346556 9625804 208087  3% 21 639848 3784 100%
c u 1184.61 163 84 188 346556 9625804 208051  3% 21 639848 3784 100%
c v 1185.27 163 84 188 346556 9625804 208017  3% 21 639848 3784 100%
c - 1192.46 163 70 189 346594 9728208 207031  3% 20 639848 3784 100%
c B 1192.62 163 69 189 346595 9730223 208467  3% 20 639848 3784 100%
c - 1198.98 164 64 190 346597 9831154 204438  3% 23 639848 3784 100%
c W 1202.08 164 64 190 346598 9870225 228866  3% 23 639848 3784 100%
c - 1206.35 163 67 191 346598 9934642 204049  3% 21 639848 3784 100%
c O 1211.22 163 59 191 346599 10011226 255392  2% 21 639848 3784 100%
c - 1213.57 164 86 192 346599 10038672 207709  3% 22 639848 3784 100%
c u 1214.42 164 86 192 346599 10038672 207657  3% 22 639848 3784 100%
c v 1215.04 164 86 192 346599 10038672 207633  3% 22 639848 3784 100%
c - 1223.10 166 83 193 346599 10143244 212068  3% 25 639848 3784 100%
c 
c   seconds     reductions           redundant    irredundant
c            MB       restarts               trail       variables
c             level          conflicts           glue         remaining
c 
c B 1223.81 166 82 193 346599 10153228 218937  3% 25 639848 3784 100%
c - 1230.10 168 100 194 346600 10248357 213799  3% 29 639848 3784 100%
c W 1234.03 168 88 194 346600 10296229 248885  3% 27 639848 3784 100%
c - 1237.97 165 75 195 346600 10354014 210935  3% 26 639848 3784 100%
c I 1244.03 165 65 195 346600 10440230 267833  2% 28 639848 3784 100%
c - 1245.75 167 81 196 346600 10460211 212279  3% 28 639848 3784 100%
c u 1246.40 167 81 196 346600 10460211 212270  3% 28 639848 3784 100%
c v 1247.15 167 81 196 346600 10460211 212210  3% 28 639848 3784 100%
c - 1255.17 166 75 197 346600 10566951 209154  3% 29 639848 3784 100%
c B 1256.38 166 73 197 346600 10585232 220957  3% 29 639848 3784 100%
c - 1262.25 165 76 198 346600 10674232 208610  3% 26 639848 3784 100%
c W 1267.06 165 72 198 346600 10731234 246522  3% 26 639848 3784 100%
c - 1270.34 166 66 199 346602 10782055 210408  3% 27 639848 3784 100%
c O 1276.26 166 62 199 346639 10878236 273517  2% 28 639848 3784 100%
c - 1277.61 166 71 200 346646 10890421 211636  3% 26 639848 3784 100%
c u 1278.29 166 71 200 346646 10890421 211590  3% 26 639848 3784 100%
c v 1278.95 166 71 200 346646 10890421 211529  3% 26 639848 3784 100%
c - 1286.87 165 66 201 346675 10999327 217966  3% 23 639848 3784 100%
c B 1288.75 165 68 201 346685 11026237 237106  3% 24 639848 3784 100%
c - 1295.15 166 86 202 346716 11108776 228169  3% 21 639848 3784 100%
c 
c   seconds     reductions           redundant    irredundant
c            MB       restarts               trail       variables
c             level          conflicts           glue         remaining
c 
c W 1299.96 166 74 202 346726 11175238 270150  3% 22 639848 3784 100%
c - 1302.84 166 72 203 346727 11218766 221575  3% 23 639848 3784 100%
c I 1309.34 166 61 203 346758 11325239 293283  2% 24 639848 3784 100%
c - 1309.97 166 83 204 346758 11329297 219416  3% 24 639848 3784 100%
c u 1311.19 166 83 204 346758 11329297 219331  3% 24 639848 3784 100%
c v 1311.92 166 83 204 346758 11329297 219296  3% 24 639848 3784 100%
c - 1320.55 165 78 205 346790 11440371 224519  3% 21 639848 3784 100%
c B 1323.02 165 77 205 346805 11476241 250338  3% 21 639848 3784 100%
c - 1328.08 166 75 206 346835 11551987 233965  3% 19 639848 3784 100%
c W 1333.34 166 60 206 346853 11628243 284507  2% 23 639848 3784 100%
c - 1335.79 167 65 207 346854 11664145 229754  3% 24 639848 3784 100%
c - 1342.93 167 53 208 346855 11776845 222038  2% 27 639848 3784 100%
c u 1343.81 167 53 208 346855 11776845 222010  2% 27 639848 3784 100%
c v 1344.50 167 53 208 346855 11776845 221994  2% 27 639848 3784 100%
c O 1345.70 167 55 208 346855 11781244 225230  2% 26 639848 3784 100%
c - 1353.66 168 92 209 346877 11890087 231725  3% 25 639848 3784 100%
c B 1356.83 168 91 209 346890 11935247 266836  3% 23 639848 3784 100%
c - 1362.23 167 100 210 346917 12003870 241204  4% 21 639848 3784 100%
c W 1369.16 167 89 210 346940 12090248 305602  3% 23 639848 3784 100%
c - 1371.52 168 92 211 346949 12118194 244659  4% 22 639848 3784 100%
c 
c   seconds     reductions           redundant    irredundant
c            MB       restarts               trail       variables
c             level          conflicts           glue         remaining
c 
c - 1379.13 167 76 212 346981 12233062 237589  3% 25 639848 3784 100%
c u 1379.96 167 76 212 346981 12233062 237571  3% 25 639848 3784 100%
c v 1381.02 167 76 212 346981 12233062 237399  3% 25 639848 3784 100%
c I 1382.75 172 75 212 346982 12246249 245705  3% 25 639848 3784 100%
c - 1390.59 174 127 213 347000 12348472 240931  4% 24 639848 3784 100%
c B 1393.90 174 104 213 347019 12403251 279208  4% 22 639848 3784 100%
c - 1398.57 172 105 214 347044 12464422 243809  4% 21 639848 3784 100%
c W 1405.23 172 73 214 347070 12561253 307021  3% 27 639848 3784 100%
c - 1406.88 174 76 215 347076 12580913 238203  3% 26 639848 3784 100%
c - 1414.23 173 61 216 347108 12697947 235177  2% 24 639848 3784 100%
c u 1415.03 173 61 216 347108 12697947 235131  2% 24 639848 3784 100%
c v 1416.05 173 61 216 347108 12697947 234994  2% 24 639848 3784 100%
c O 1418.57 174 65 216 347109 12720255 251233  2% 24 639848 3784 100%
c - 1425.97 178 91 217 347110 12815522 242990  3% 31 639848 3784 100%
c B 1430.56 178 84 217 347110 12880256 289436  3% 32 639848 3784 100%
c - 1434.35 177 91 218 347111 12933639 245726  3% 29 639848 3784 100%
c W 1442.43 177 72 218 347111 13041257 317657  3% 29 639848 3784 100%
c - 1443.44 176 74 219 347111 13052299 240466  3% 28 639848 3784 100%
c - 1452.06 178 66 220 347111 13171500 239244  2% 32 639848 3784 100%
c u 1453.31 178 66 220 347111 13171500 239221  2% 32 639848 3784 100%
c 
c   seconds     reductions           redundant    irredundant
c            MB       restarts               trail       variables
c             level          conflicts           glue         remaining
c 
c v 1454.05 178 66 220 347111 13171500 239182  2% 32 639848 3784 100%
c I 1456.76 178 62 220 347126 13203258 259008  2% 31 639848 3784 100%
c - 1462.52 175 63 221 347157 13291243 234317  2% 30 639848 3784 100%
c B 1467.62 175 63 221 347174 13366259 284236  2% 31 639848 3784 100%
c - 1471.12 177 78 222 347190 13411529 244447  3% 26 639848 3784 100%
c W 1480.20 177 76 222 347236 13530261 330760  3% 22 639848 3784 100%
c - 1480.65 175 77 223 347236 13532358 250096  3% 22 639848 3784 100%
c - 1489.14 176 81 224 347245 13653727 255442  3% 20 639848 3784 100%
c u 1489.93 176 81 224 347245 13653727 255430  3% 20 639848 3784 100%
c O 1494.16 180 77 224 347266 13695264 285548  3% 20 639848 3784 100%
c - 1500.13 181 79 225 347294 13775638 252381  3% 25 639848 3784 100%
c B 1504.99 181 62 225 347312 13861265 304745  2% 26 639848 3784 100%
c - 1508.18 180 70 226 347330 13898090 245741  3% 25 639848 3784 100%
c - 1516.45 181 71 227 347364 14021083 250084  3% 25 639848 3784 100%
c W 1517.54 181 69 227 347364 14028267 254642  3% 26 639848 3784 100%
c - 1525.20 181 59 228 347366 14144619 242030  2% 28 639848 3784 100%
c u 1526.01 181 59 228 347366 14144619 242016  2% 28 639848 3784 100%
c v 1527.00 181 59 228 347366 14144619 241856  2% 28 639848 3784 100%
c I 1531.01 181 57 228 347366 14196269 276845  2% 26 639848 3784 100%
c - 1536.64 180 111 229 347381 14268697 249754  4% 23 639848 3784 100%
c 
c   seconds     reductions           redundant    irredundant
c            MB       restarts               trail       variables
c             level          conflicts           glue         remaining
c 
c B 1542.46 180 77 229 347416 14365270 310284  3% 28 639848 3784 100%
c - 1544.92 182 86 230 347427 14393316 249827  3% 27 639848 3784 100%
c - 1553.22 183 69 231 347460 14518477 246893  3% 31 639848 3784 100%
c W 1554.93 183 66 231 347466 14535272 257811  3% 31 639848 3784 100%
c - 1561.56 180 55 232 347493 14644179 244162  2% 27 639848 3784 100%
c u 1562.41 180 55 232 347493 14644179 244117  2% 27 639848 3784 100%
c v 1563.38 180 55 232 347493 14644179 243991  2% 27 639848 3784 100%
c O 1568.58 180 63 232 347493 14706273 286654  2% 25 639848 3784 100%
c - 1573.65 180 90 233 347523 14770423 258168  3% 21 639848 3784 100%
c B 1579.89 180 62 233 347556 14878275 329784  2% 20 639848 3784 100%
c - 1581.37 180 86 234 347556 14897210 259492  3% 20 639848 3784 100%
c - 1590.08 180 66 235 347602 15024539 254241  3% 23 639848 3784 100%
c W 1592.49 180 63 235 347616 15051277 272017  2% 24 639848 3784 100%
c - 1599.03 182 62 236 347620 15152409 259460  2% 24 639848 3784 100%
c u 1600.41 182 62 236 347620 15152409 259428  2% 24 639848 3784 100%
c v 1601.28 182 62 236 347620 15152409 259391  2% 24 639848 3784 100%
c I 1606.66 182 60 236 347621 15225279 309979  2% 26 639848 3784 100%
c - 1610.97 184 98 237 347621 15280821 263584  3% 29 639848 3784 100%
c B 1619.21 184 91 237 347622 15400280 354045  3% 32 639848 3784 100%
c - 1620.45 186 94 238 347622 15409774 268163  3% 31 639848 3784 100%
c 
c   seconds     reductions           redundant    irredundant
c            MB       restarts               trail       variables
c             level          conflicts           glue         remaining
c 
c - 1628.76 182 62 239 347622 15539270 255748  2% 27 639848 3784 100%
c W 1631.84 182 57 239 347623 15576282 277943  2% 27 639848 3784 100%
c - 1638.08 182 54 240 347623 15669308 258167  2% 25 639848 3784 100%
c u 1639.18 182 54 240 347623 15669308 258137  2% 25 639848 3784 100%
c v 1639.95 182 54 240 347623 15669308 258127  2% 25 639848 3784 100%
c O 1646.57 182 56 240 347623 15753285 317947  2% 25 639848 3784 100%
c - 1649.88 184 96 241 347623 15799888 264024  3% 29 639848 3784 100%
c - 1659.26 187 80 242 347623 15931010 256297  3% 39 639848 3784 100%
c B 1659.34 187 80 242 347623 15931286 256446  3% 39 639848 3784 100%
c - 1668.39 185 87 243 347623 16062673 264154  3% 35 639848 3784 100%
c W 1672.75 185 84 243 347624 16110287 296818  3% 38 639848 3784 100%
c - 1678.92 185 78 244 347624 16194878 264625  3% 29 639848 3784 100%
c u 1679.73 185 78 244 347624 16194878 264614  3% 29 639848 3784 100%
c v 1680.49 185 78 244 347624 16194878 264600  3% 29 639848 3784 100%
c I 1689.53 185 83 244 347624 16290289 329808  3% 29 639848 3784 100%
c - 1692.60 184 97 245 347624 16327624 264526  4% 27 639848 3784 100%
c ] 1697.00 184 100 245 347624 16383012 304064  4% 30 639848 3784 100%
c { 1697.01 184 87 245 347624 16383012 304064  3% 12 639848 3784 100%
c - 1704.26 183 96 246 350114 16460913 279453  4% 12 639848 3784 100%
c F 1705.22 183 96 246 350506 16471291 288097  4% 12 639848 3784 100%
c 
c   seconds     reductions           redundant    irredundant
c            MB       restarts               trail       variables
c             level          conflicts           glue         remaining
c 
c - 1721.09 180 96 247 356811 16594744 293927  4% 11 639848 3784 100%
c B 1729.90 180 95 247 360664 16653292 342250  4% 11 639848 3784 100%
c - 1743.47 181 92 248 365852 16729116 309942  3% 12 639848 3784 100%
c u 1745.42 181 92 248 365852 16729116 309785  3% 12 639848 3784 100%
c v 1747.37 181 92 248 365852 16729116 309638  3% 12 639848 3784 100%
c W 1767.22 181 91 248 372889 16836293 397866  3% 12 639848 3784 100%
c - 1772.88 188 91 249 374758 16864029 318477  3% 12 639848 3784 100%
c - 1796.79 188 90 250 383406 16999485 323850  3% 12 639848 3784 100%
c # 1800.01 188 90 250 384677 17020294 340981  3% 12 639848 3784 100%
c - 1820.75 189 88 251 391739 17135483 328386  3% 12 639848 3784 100%
c B 1831.27 189 87 251 395768 17205295 384887  3% 12 639848 3784 100%
c - 1844.23 189 87 252 399931 17272023 329552  3% 12 639848 3784 100%
c u 1846.04 189 87 252 399931 17272023 329525  3% 12 639848 3784 100%
c v 1847.82 189 87 252 399931 17272023 329348  3% 12 639848 3784 100%
c W 1870.19 192 86 252 407179 17391296 427696  3% 12 639848 3784 100%
c - 1873.86 200 87 253 408185 17409105 332923  3% 12 639848 3784 100%
c - 1898.56 201 86 254 416198 17546729 335585  3% 12 639848 3784 100%
c F 1903.68 201 86 254 418208 17578297 361881  3% 12 639848 3784 100%
c - 1923.30 201 84 255 424745 17684894 338083  3% 12 639848 3784 100%
c B 1936.90 201 83 255 429675 17766298 405140  3% 13 639848 3784 100%
c 
c   seconds     reductions           redundant    irredundant
c            MB       restarts               trail       variables
c             level          conflicts           glue         remaining
c 
c - 1947.86 201 83 256 432825 17823601 339228  3% 13 639848 3784 100%
c u 1950.57 201 83 256 432825 17823601 339107  3% 13 639848 3784 100%
c v 1953.17 201 83 256 432825 17823601 338711  3% 13 639848 3784 100%
c W 1977.93 201 82 256 440200 17955299 447497  3% 12 639848 3784 100%
c - 1979.90 202 82 257 440736 17962849 340305  3% 12 639848 3784 100%
c - 2005.25 202 84 258 449009 18102639 342082  3% 12 639848 3784 100%
c # 2012.05 202 83 258 451659 18145302 377267  3% 13 639848 3784 100%
c - 2029.92 202 80 259 457445 18242971 343434  3% 13 639848 3784 100%
c B 2045.45 202 81 259 462772 18336303 420315  3% 12 639848 3784 100%
c - 2055.85 202 81 260 466047 18383845 344558  3% 13 639848 3784 100%
c u 2059.02 202 81 260 466047 18383845 344500  3% 13 639848 3784 100%
c v 2060.80 202 81 260 466047 18383845 344474  3% 13 639848 3784 100%
c - 2086.63 202 81 261 473850 18525261 345376  3% 13 639848 3784 100%
c W 2088.17 202 81 261 473986 18528304 347768  3% 12 639848 3784 100%
c - 2113.39 202 82 262 482123 18667218 346231  3% 13 639848 3784 100%
c F 2122.08 202 82 262 484988 18721305 390517  3% 12 639848 3784 100%
c - 2139.43 202 81 263 490721 18809717 347707  3% 13 639848 3784 100%
c B 2157.09 202 81 263 496901 18915306 434690  3% 13 639848 3784 100%
c - 2164.85 202 81 264 499080 18952760 349363  3% 13 639848 3784 100%
c u 2166.77 202 81 264 499080 18952760 349344  3% 13 639848 3784 100%
c 
c   seconds     reductions           redundant    irredundant
c            MB       restarts               trail       variables
c             level          conflicts           glue         remaining
c 
c v 2169.10 202 81 264 499080 18952760 349298  3% 13 639848 3784 100%
c - 2195.93 203 80 265 507296 19096344 351064  3% 13 639848 3784 100%
c W 2199.02 203 80 265 508014 19110307 362660  3% 13 639848 3784 100%
c - 2224.20 203 81 266 515898 19240468 352358  3% 13 639848 3784 100%
c # 2234.91 203 81 266 519558 19306309 406807  3% 12 639848 3784 100%
c - 2250.59 203 82 267 524498 19385134 353514  3% 12 639848 3784 100%
c B 2271.56 203 81 267 531743 19503311 450417  3% 13 639848 3784 100%
c - 2277.42 203 80 268 533517 19530343 354361  3% 13 639848 3784 100%
c u 2280.84 203 80 268 533517 19530343 354088  3% 13 639848 3784 100%
c v 2282.59 203 80 268 533517 19530343 354067  3% 13 639848 3784 100%
c - 2309.81 203 82 269 541710 19676094 355185  3% 13 639848 3784 100%
c W 2315.08 203 81 269 543173 19701313 376162  3% 13 639848 3784 100%
c - 2338.55 203 80 270 550520 19822387 357751  3% 13 639848 3784 100%
c F 2351.18 203 80 270 554716 19900315 421626  3% 13 639848 3784 100%
c - 2366.01 203 80 271 559393 19969221 358321  3% 13 639848 3784 100%
c B 2389.07 203 80 271 566791 20100316 465760  3% 13 639848 3784 100%
c - 2392.70 203 80 272 567644 20116597 359313  3% 13 639848 3784 100%
c u 2396.08 203 80 272 567644 20116597 359288  3% 13 639848 3784 100%
c v 2398.20 203 80 272 567644 20116597 359263  3% 13 639848 3784 100%
c - 2427.19 204 81 273 576508 20264514 361024  3% 13 639848 3784 100%
c 
c   seconds     reductions           redundant    irredundant
c            MB       restarts               trail       variables
c             level          conflicts           glue         remaining
c 
c W 2434.24 204 81 273 578490 20301317 391192  3% 13 639848 3784 100%
c - 2456.82 204 81 274 585528 20412977 361896  3% 13 639848 3784 100%
c # 2472.40 204 79 274 590972 20503318 436089  3% 13 639848 3784 100%
c - 2484.01 204 78 275 594280 20561979 363506  3% 13 639848 3784 100%
c B 2511.25 204 79 275 602890 20706320 481629  3% 13 639848 3784 100%
c - 2512.78 204 79 276 603251 20711522 364143  3% 13 639848 3784 100%
c u 2515.33 204 79 276 603251 20711522 364083  3% 13 639848 3784 100%
c v 2517.99 204 79 276 603251 20711522 363924  3% 13 639848 3784 100%
c - 2546.63 207 79 277 611892 20861608 365364  3% 13 639848 3784 100%
c W 2556.45 207 79 277 614881 20910321 405546  3% 13 639848 3784 100%
c - 2577.19 207 79 278 620877 21012234 366555  3% 13 639848 3784 100%
c F 2595.37 207 79 278 626965 21115322 451513  3% 13 639848 3784 100%
c - 2604.84 208 79 279 629917 21163402 368073  3% 13 639848 3784 100%
c - 2631.24 208 77 280 638747 21315112 369105  3% 13 639848 3784 100%
c u 2633.12 208 77 280 638747 21315112 369097  3% 13 639848 3784 100%
c v 2634.95 208 77 280 638747 21315112 369075  3% 13 639848 3784 100%
c B 2636.87 208 77 280 639100 21321323 374159  3% 13 639848 3784 100%
c - 2663.33 208 77 281 647738 21467366 371400  3% 13 639848 3784 100%
c W 2673.75 208 77 281 651200 21528324 421462  3% 13 639848 3784 100%
c - 2691.98 208 77 282 656818 21620160 371512  3% 13 639848 3784 100%
c 
c   seconds     reductions           redundant    irredundant
c            MB       restarts               trail       variables
c             level          conflicts           glue         remaining
c 
c # 2710.88 208 77 282 663231 21736325 466787  3% 13 639848 3784 100%
c - 2718.53 208 77 283 665613 21773497 371893  3% 13 639848 3784 100%
c - 2746.35 208 75 284 674674 21927374 373219  3% 13 639848 3784 100%
c u 2748.75 208 75 284 674674 21927374 373195  3% 13 639848 3784 100%
c v 2751.58 208 75 284 674674 21927374 373094  3% 13 639848 3784 100%
c B 2755.51 208 76 284 675796 21945328 387481  3% 13 639848 3784 100%
c - 2782.36 209 77 285 684297 22081794 374545  3% 13 639848 3784 100%
c W 2796.88 209 78 285 688651 22155330 435187  3% 13 639848 3784 100%
c - 2814.01 209 78 286 693570 22236755 376229  3% 13 639848 3784 100%
c F 2838.34 209 78 286 701125 22366331 482835  3% 13 639848 3784 100%
c - 2843.78 209 77 287 702571 22392259 377071  3% 13 639848 3784 100%
c - 2872.32 209 78 288 711017 22548304 377717  3% 13 639848 3784 100%
c u 2876.86 209 78 288 711017 22548304 377594  3% 13 639848 3784 100%
c v 2878.84 209 78 288 711017 22548304 377569  3% 13 639848 3784 100%
c B 2884.40 209 77 288 712474 22578334 402673  3% 13 639848 3784 100%
c - 2909.96 209 75 289 720137 22704890 380465  3% 13 639848 3784 100%
c W 2926.87 209 77 289 724967 22791336 452331  3% 13 639848 3784 100%
c - 2942.39 210 76 290 729375 22862019 383239  3% 13 639848 3784 100%
c # 2968.19 210 77 290 737284 23005337 500415  3% 13 639848 3784 100%
c - 2971.59 210 77 291 738157 23019689 382400  3% 13 639848 3784 100%
c 
c   seconds     reductions           redundant    irredundant
c            MB       restarts               trail       variables
c             level          conflicts           glue         remaining
c 
c - 3002.47 210 76 292 747932 23177903 384614  3% 13 639848 3784 100%
c u 3004.57 210 76 292 747932 23177903 384605  3% 13 639848 3784 100%
c v 3007.26 210 76 292 747932 23177903 384586  3% 13 639848 3784 100%
c B 3015.46 210 76 292 750336 23220340 419039  3% 13 639848 3784 100%
c - 3039.78 210 75 293 757700 23336657 385909  3% 13 639848 3784 100%
c W 3058.38 210 75 293 763004 23436342 467456  3% 13 639848 3784 100%
c - 3071.05 210 76 294 766451 23495952 385949  3% 13 639848 3784 100%
c F 3101.73 210 76 294 776220 23653343 514763  3% 13 639848 3784 100%
c - 3102.55 210 76 295 776364 23655790 387713  3% 13 639848 3784 100%
c - 3133.69 210 75 296 785779 23816170 388742  3% 13 639848 3784 100%
c u 3136.94 210 75 296 785779 23816170 388691  3% 13 639848 3784 100%
c v 3140.14 210 75 296 785779 23816170 388545  3% 13 639848 3784 100%
c B 3150.11 210 76 296 788597 23871344 434226  3% 13 639848 3784 100%
c - 3172.74 213 77 297 795232 23977091 390365  3% 13 639848 3784 100%
c W 3194.89 213 76 297 802133 24090345 483278  3% 13 639848 3784 100%
c - 3205.26 213 75 298 804820 24138555 390945  3% 13 639848 3784 100%
c - 3236.71 213 78 299 813806 24300561 392147  3% 13 639848 3784 100%
c # 3238.12 213 78 299 814280 24310348 400075  3% 13 639848 3784 100%
c - 3268.37 213 77 300 823235 24463108 393551  3% 13 639848 3784 100%
c u 3272.38 213 77 300 823235 24463108 393526  3% 13 639848 3784 100%
c 
c   seconds     reductions           redundant    irredundant
c            MB       restarts               trail       variables
c             level          conflicts           glue         remaining
c 
c v 3274.50 213 77 300 823235 24463108 393516  3% 13 639848 3784 100%
c B 3287.00 213 77 300 827062 24531349 449659  3% 13 639848 3784 100%
c - 3306.54 216 75 301 832786 24626196 394002  3% 13 639848 3784 100%
c W 3332.23 216 75 301 840477 24753350 498628  3% 13 639848 3784 100%
c - 3340.96 216 76 302 842952 24789827 396043  3% 13 639848 3784 100%
c - 3373.66 216 77 303 852759 24954000 397744  3% 13 639848 3784 100%
c F 3377.48 216 78 303 854093 24976351 416286  3% 13 639848 3784 100%
c - 3405.92 217 76 304 862558 25118715 398552  3% 13 639848 3784 100%
c u 3408.14 217 76 304 862558 25118715 398540  3% 13 639848 3784 100%
c v 3410.86 217 76 304 862558 25118715 398520  3% 13 639848 3784 100%
c B 3426.31 217 77 304 866870 25200353 465261  3% 13 639848 3784 100%
c - 3445.38 217 77 305 871830 25283972 399122  3% 13 639848 3784 100%
c W 3471.61 217 75 305 879268 25425355 514883  3% 13 639848 3784 100%
c - 3477.42 217 77 306 880787 25449769 398767  3% 13 639848 3784 100%
c - 3510.02 217 74 307 890795 25616108 400637  3% 13 639848 3784 100%
c # 3515.32 217 74 307 892325 25651356 429548  3% 13 639848 3784 100%
c - 3543.58 217 74 308 900754 25782990 401251  3% 13 639848 3784 100%
c u 3547.14 217 74 308 900754 25782990 401173  3% 13 639848 3784 100%
c v 3551.76 217 74 308 900754 25782990 400961  3% 13 639848 3784 100%
c B 3569.59 217 74 308 905899 25878357 478947  3% 13 639848 3784 100%
c 
c   seconds     reductions           redundant    irredundant
c            MB       restarts               trail       variables
c             level          conflicts           glue         remaining
c 
c - 3586.12 217 76 309 910575 25950413 402403  3% 13 639848 3784 100%
c W 3618.08 217 73 309 920559 26106358 529541  3% 13 639848 3784 100%
c - 3621.06 218 74 310 921238 26118379 403396  3% 13 639848 3784 100%
c - 3656.07 218 75 311 931336 26286885 405730  3% 13 639848 3784 100%
c F 3664.76 218 75 311 934127 26335359 445492  3% 13 639848 3784 100%
c - 3690.00 218 75 312 941215 26455934 407125  3% 13 639848 3784 100%
c u 3693.99 218 75 312 941215 26455934 407100  3% 13 639848 3784 100%
c v 3696.14 218 75 312 941215 26455934 407084  3% 13 639848 3784 100%
c B 3717.47 218 75 312 947507 26565360 496884  3% 13 639848 3784 100%
c - 3730.94 224 73 313 951323 26625525 408834  3% 13 639848 3784 100%
c - 3765.57 224 73 314 961637 26795657 409915  3% 13 639848 3784 100%
c W 3767.36 224 73 314 961680 26796361 410486  3% 13 639848 3784 100%
c - 3804.27 224 75 315 972629 26966331 411128  3% 13 639848 3784 100%
c # 3814.87 224 75 315 976162 27028362 461930  3% 13 639848 3784 100%
c - 3838.82 224 74 316 982940 27137548 411312  3% 13 639848 3784 100%
c u 3841.07 224 74 316 982940 27137548 411309  3% 13 639848 3784 100%
c v 3843.87 224 74 316 982940 27137548 411297  3% 13 639848 3784 100%
c B 3868.83 224 75 316 990309 27261364 513122  3% 13 639848 3784 100%
c - 3881.31 225 75 317 993635 27309305 414429  3% 13 639848 3784 100%
c - 3917.64 225 73 318 1004108 27481604 416206  3% 13 639848 3784 100%
c 
c   seconds     reductions            redundant    irredundant
c            MB        restarts               trail       variables
c             level           conflicts           glue         remaining
c 
c W 3921.50 225 73 318 1004779 27495365 427633  3% 13 639848 3784 100%
c - 3954.66 225 73 319 1014099 27654446 415586  3% 13 639848 3784 100%
c F 3968.21 225 74 319 1018373 27730368 478006  3% 13 639848 3784 100%
c - 3990.78 225 74 320 1024597 27827829 416956  3% 13 639848 3784 100%
c u 3994.57 225 74 320 1024597 27827829 416888  3% 13 639848 3784 100%
c v 3997.88 225 74 320 1024597 27827829 416793  3% 13 639848 3784 100%
c B 4026.93 225 74 320 1032791 27966369 530358  3% 13 639848 3784 100%
c - 4035.41 226 73 321 1034922 28001754 417987  3% 13 639848 3784 100%
c - 4071.14 226 73 322 1045143 28176223 419106  3% 13 639848 3784 100%
c W 4077.07 226 73 322 1046616 28203370 441287  3% 13 639848 3784 100%
c - 4108.15 226 71 323 1055032 28351232 419320  3% 13 639848 3784 100%
c # 4125.50 226 71 323 1060584 28441371 493383  3% 13 639848 3784 100%
c - 4145.40 226 71 324 1065926 28526784 421127  3% 13 639848 3784 100%
c u 4147.83 226 71 324 1065926 28526784 421126  3% 13 639848 3784 100%
c v 4150.41 226 71 324 1065926 28526784 421115  3% 13 639848 3784 100%
c B 4182.61 226 73 324 1074937 28680372 546015  3% 13 639848 3784 100%
c - 4188.44 227 73 325 1076224 28702876 421070  3% 13 639848 3784 100%
c - 4225.14 227 73 326 1086883 28879512 423492  3% 13 639848 3784 100%
c W 4234.91 227 74 326 1089086 28920374 457071  3% 13 639848 3784 100%
c - 4266.01 227 73 327 1097528 29056689 425621  3% 13 639848 3784 100%
c 
c   seconds     reductions            redundant    irredundant
c            MB        restarts               trail       variables
c             level           conflicts           glue         remaining
c 
c F 4285.44 227 75 327 1103069 29161376 511872  3% 13 639848 3784 100%
c - 4303.12 227 74 328 1107476 29234407 426328  3% 13 639848 3784 100%
c u 4306.31 227 74 328 1107476 29234407 426319  3% 13 639848 3784 100%
c v 4310.64 227 74 328 1107476 29234407 426251  3% 13 639848 3784 100%
c B 4347.33 227 73 328 1117658 29403378 564789  3% 13 639848 3784 100%
c - 4350.00 229 73 329 1118208 29412666 427224  3% 13 639848 3784 100%
c - 4388.60 229 73 330 1129303 29591468 428482  3% 13 639848 3784 100%
c W 4400.39 229 73 330 1132387 29646379 473445  3% 13 639848 3784 100%
c - 4428.67 229 73 331 1139929 29770814 429207  3% 13 639848 3784 100%
c # 4451.92 229 73 331 1146989 29890380 527675  3% 13 639848 3784 100%
c - 4466.99 229 73 332 1150492 29950700 430707  3% 13 639848 3784 100%
c u 4472.14 229 73 332 1150492 29950700 430683  3% 13 639848 3784 100%
c - 4515.64 229 74 333 1161562 30131127 432088  3% 13 639848 3784 100%
c B 4516.31 229 74 333 1161769 30135382 435520  3% 13 639848 3784 100%
c - 4553.57 229 71 334 1172168 30312096 432253  3% 13 639848 3784 100%
c W 4568.15 229 71 334 1175953 30381383 488973  3% 13 639848 3784 100%
c - 4593.99 229 71 335 1182759 30493606 433183  3% 13 639848 3784 100%
c F 4621.51 229 73 335 1190372 30628384 543909  3% 13 639848 3784 100%
c - 4632.87 230 72 336 1193003 30675658 434020  3% 13 639848 3784 100%
c u 4635.49 230 72 336 1193003 30675658 434015  3% 13 639848 3784 100%
c 
c   seconds     reductions            redundant    irredundant
c            MB        restarts               trail       variables
c             level           conflicts           glue         remaining
c 
c v 4638.45 230 72 336 1193003 30675658 433996  3% 13 639848 3784 100%
c - 4679.10 231 72 337 1203737 30858252 434959  3% 13 639848 3784 100%
c B 4681.59 231 72 337 1204414 30876385 449001  3% 13 639848 3784 100%
c - 4717.37 231 71 338 1214018 31041388 434130  3% 13 639848 3784 100%
c W 4734.64 231 72 338 1218669 31125387 502673  3% 13 639848 3784 100%
c - 4759.41 231 72 339 1225206 31225066 436464  3% 13 639848 3784 100%
c # 4789.97 231 73 339 1233961 31375388 558874  3% 13 639848 3784 100%
c - 4798.73 231 72 340 1236147 31409286 438048  3% 13 639848 3784 100%
c u 4802.95 231 72 340 1236147 31409286 438005  3% 13 639848 3784 100%
c v 4807.39 231 72 340 1236147 31409286 437855  3% 13 639848 3784 100%
c - 4849.75 231 72 341 1247754 31594048 440062  3% 13 639848 3784 100%
c B 4855.63 231 73 341 1249554 31626390 466764  3% 13 639848 3784 100%
c - 4889.79 231 72 342 1258544 31779352 440620  3% 13 639848 3784 100%
c W 4911.86 231 73 342 1264571 31878391 521564  3% 13 639848 3784 100%
c - 4933.32 231 73 343 1269913 31965198 442742  3% 13 639848 3784 100%
c F 4968.65 231 70 343 1280222 32131394 579341  3% 13 639848 3784 100%
c - 4974.07 232 70 344 1281483 32151586 444750  3% 13 639848 3784 100%
c u 4979.37 232 70 344 1281483 32151586 444736  3% 13 639848 3784 100%
c v 4982.03 232 70 344 1281483 32151586 444725  3% 13 639848 3784 100%
c 
c caught signal 15 (SIGTERM)
c 
c --- [ result ] -------------------------------------------------------------
c 
c UNKNOWN
c 
c --- [ run-time profiling ] -------------------------------------------------
c 
c process time taken by individual solving procedures
c (percentage relative to process time for solving)
c 
c      4672.51   93.46% search
c      3854.56   77.10% unstable
c      2778.80   55.58% propagate
c      1099.86   22.00% analyze
c       756.47   15.13% stable
c       327.06    6.54% simplify
c       302.30    6.05% vivify
c       260.42    5.21% decide
c       244.63    4.89% shrink
c       179.43    3.59% minimize
c       151.86    3.04% bump
c        71.35    1.43% reduce
c        64.04    1.28% collect
c        61.40    1.23% walk
c        52.52    1.05% connect
c        10.86    0.22% decompose
c         8.66    0.17% ternary
c         8.13    0.16% restart
c         1.87    0.04% transred
c         1.17    0.02% subsume
c         0.86    0.02% probe
c         0.82    0.02% elim
c         0.53    0.01% deduplicate
c         0.42    0.01% parse
c         0.08    0.00% lucky
c         0.04    0.00% copy
c   =================================
c      4999.58   99.99% solve
c 
c last line shows process time for solving
c (percentage relative to total process time)
c 
c --- [ statistics ] ---------------------------------------------------------
c 
c chronological:          10337519        32.06 %  of conflicts
c conflicts:              32242118      6448.97    per second
c decisions:             196421058     39287.53    per second
c learned:                31995324        99.23 %  per conflict
c learned_lits:          756297378       100.00 %  learned literals
c minimized:                     0         0.00 %  learned literals
c shrunken:               16338254         2.16 %  learned literals
c minishrunken:            7605811         1.01 %  learned literals
c otfs:                   11598093        35.97 %  of conflict
c propagations:          548719364         0.11 M  per second
c reduced:                24730352        76.70 %  per conflict
c rephased:                    253    127439.20    interval
c restarts:                1286328        25.07    interval
c stabilizing:                   7        33.56 %  of conflicts
c subsumed:                6884008        10.55 %  of all clauses
c strengthened:           11470516        17.57 %  of all clauses
c trail reuses:                  0         0.00 %  of incremental calls
c vivified:                  12452         0.02 %  of all clauses
c walked:                       83    388459.25    interval
c 
c seconds are measured in process time for solving
c 
c --- [ resources ] ----------------------------------------------------------
c 
c total process time since initialization:      4999.99    seconds
c total real time since initialization:         5000.01    seconds
c maximum resident set size of process:          292.68    MB
c 
c raising signal 15 (SIGTERM)
c array.sh: end:      Fri 24 Nov 2023 04:01:01 PM CET
